llvm.aarch64.clrex
llvm.aarch64.crc32b
llvm.aarch64.crc32cb
llvm.aarch64.crc32ch
llvm.aarch64.crc32cw
llvm.aarch64.crc32cx
llvm.aarch64.crc32h
llvm.aarch64.crc32w
llvm.aarch64.crc32x
llvm.aarch64.crypto.aesd
llvm.aarch64.crypto.aese
llvm.aarch64.crypto.aesimc
llvm.aarch64.crypto.aesmc
llvm.aarch64.crypto.sha1c
llvm.aarch64.crypto.sha1h
llvm.aarch64.crypto.sha1m
llvm.aarch64.crypto.sha1p
llvm.aarch64.crypto.sha1su0
llvm.aarch64.crypto.sha1su1
llvm.aarch64.crypto.sha256h
llvm.aarch64.crypto.sha256h2
llvm.aarch64.crypto.sha256su0
llvm.aarch64.crypto.sha256su1
llvm.aarch64.dmb
llvm.aarch64.dsb
llvm.aarch64.get.fpcr
llvm.aarch64.hint
llvm.aarch64.isb
llvm.aarch64.ldaxp
llvm.aarch64.ldaxr
llvm.aarch64.ldxp
llvm.aarch64.ldxr
llvm.aarch64.neon.abs
llvm.aarch64.neon.addhn
llvm.aarch64.neon.addp
llvm.aarch64.neon.cls
llvm.aarch64.neon.fabd
llvm.aarch64.neon.facge
llvm.aarch64.neon.facgt
llvm.aarch64.neon.faddv
llvm.aarch64.neon.fcvtas
llvm.aarch64.neon.fcvtau
llvm.aarch64.neon.fcvtms
llvm.aarch64.neon.fcvtmu
llvm.aarch64.neon.fcvtns
llvm.aarch64.neon.fcvtnu
llvm.aarch64.neon.fcvtps
llvm.aarch64.neon.fcvtpu
llvm.aarch64.neon.fcvtxn
llvm.aarch64.neon.fcvtzs
llvm.aarch64.neon.fcvtzu
llvm.aarch64.neon.fmax
llvm.aarch64.neon.fmaxnm
llvm.aarch64.neon.fmaxnmp
llvm.aarch64.neon.fmaxnmv
llvm.aarch64.neon.fmaxp
llvm.aarch64.neon.fmaxv
llvm.aarch64.neon.fmin
llvm.aarch64.neon.fminnm
llvm.aarch64.neon.fminnmp
llvm.aarch64.neon.fminnmv
llvm.aarch64.neon.fminp
llvm.aarch64.neon.fminv
llvm.aarch64.neon.fmlal
llvm.aarch64.neon.fmlal2
llvm.aarch64.neon.fmlsl
llvm.aarch64.neon.fmlsl2
llvm.aarch64.neon.fmulx
llvm.aarch64.neon.frecpe
llvm.aarch64.neon.frecps
llvm.aarch64.neon.frecpx
llvm.aarch64.neon.frintn
llvm.aarch64.neon.frsqrte
llvm.aarch64.neon.frsqrts
llvm.aarch64.neon.ld1x2
llvm.aarch64.neon.ld1x3
llvm.aarch64.neon.ld1x4
llvm.aarch64.neon.ld2
llvm.aarch64.neon.ld2lane
llvm.aarch64.neon.ld2r
llvm.aarch64.neon.ld3
llvm.aarch64.neon.ld3lane
llvm.aarch64.neon.ld3r
llvm.aarch64.neon.ld4
llvm.aarch64.neon.ld4lane
llvm.aarch64.neon.ld4r
llvm.aarch64.neon.pmul
llvm.aarch64.neon.pmull
llvm.aarch64.neon.pmull64
llvm.aarch64.neon.raddhn
llvm.aarch64.neon.rbit
llvm.aarch64.neon.rshrn
llvm.aarch64.neon.rsubhn
llvm.aarch64.neon.sabd
llvm.aarch64.neon.saddlp
llvm.aarch64.neon.saddlv
llvm.aarch64.neon.saddv
llvm.aarch64.neon.scalar.sqxtn
llvm.aarch64.neon.scalar.sqxtun
llvm.aarch64.neon.scalar.uqxtn
llvm.aarch64.neon.sdot
llvm.aarch64.neon.shadd
llvm.aarch64.neon.shll
llvm.aarch64.neon.shsub
llvm.aarch64.neon.smax
llvm.aarch64.neon.smaxp
llvm.aarch64.neon.smaxv
llvm.aarch64.neon.smin
llvm.aarch64.neon.sminp
llvm.aarch64.neon.sminv
llvm.aarch64.neon.smull
llvm.aarch64.neon.sqabs
llvm.aarch64.neon.sqadd
llvm.aarch64.neon.sqdmulh
llvm.aarch64.neon.sqdmull
llvm.aarch64.neon.sqdmulls.scalar
llvm.aarch64.neon.sqneg
llvm.aarch64.neon.sqrdmulh
llvm.aarch64.neon.sqrshl
llvm.aarch64.neon.sqrshrn
llvm.aarch64.neon.sqrshrun
llvm.aarch64.neon.sqshl
llvm.aarch64.neon.sqshlu
llvm.aarch64.neon.sqshrn
llvm.aarch64.neon.sqshrun
llvm.aarch64.neon.sqsub
llvm.aarch64.neon.sqxtn
llvm.aarch64.neon.sqxtun
llvm.aarch64.neon.srhadd
llvm.aarch64.neon.srshl
llvm.aarch64.neon.sshl
llvm.aarch64.neon.sshll
llvm.aarch64.neon.st1x2
llvm.aarch64.neon.st1x3
llvm.aarch64.neon.st1x4
llvm.aarch64.neon.st2
llvm.aarch64.neon.st2lane
llvm.aarch64.neon.st3
llvm.aarch64.neon.st3lane
llvm.aarch64.neon.st4
llvm.aarch64.neon.st4lane
llvm.aarch64.neon.subhn
llvm.aarch64.neon.suqadd
llvm.aarch64.neon.tbl1
llvm.aarch64.neon.tbl2
llvm.aarch64.neon.tbl3
llvm.aarch64.neon.tbl4
llvm.aarch64.neon.tbx1
llvm.aarch64.neon.tbx2
llvm.aarch64.neon.tbx3
llvm.aarch64.neon.tbx4
llvm.aarch64.neon.uabd
llvm.aarch64.neon.uaddlp
llvm.aarch64.neon.uaddlv
llvm.aarch64.neon.uaddv
llvm.aarch64.neon.udot
llvm.aarch64.neon.uhadd
llvm.aarch64.neon.uhsub
llvm.aarch64.neon.umax
llvm.aarch64.neon.umaxp
llvm.aarch64.neon.umaxv
llvm.aarch64.neon.umin
llvm.aarch64.neon.uminp
llvm.aarch64.neon.uminv
llvm.aarch64.neon.umull
llvm.aarch64.neon.uqadd
llvm.aarch64.neon.uqrshl
llvm.aarch64.neon.uqrshrn
llvm.aarch64.neon.uqshl
llvm.aarch64.neon.uqshrn
llvm.aarch64.neon.uqsub
llvm.aarch64.neon.uqxtn
llvm.aarch64.neon.urecpe
llvm.aarch64.neon.urhadd
llvm.aarch64.neon.urshl
llvm.aarch64.neon.ursqrte
llvm.aarch64.neon.ushl
llvm.aarch64.neon.ushll
llvm.aarch64.neon.usqadd
llvm.aarch64.neon.vcopy.lane
llvm.aarch64.neon.vcvtfp2fxs
llvm.aarch64.neon.vcvtfp2fxu
llvm.aarch64.neon.vcvtfp2hf
llvm.aarch64.neon.vcvtfxs2fp
llvm.aarch64.neon.vcvtfxu2fp
llvm.aarch64.neon.vcvthf2fp
llvm.aarch64.neon.vsli
llvm.aarch64.neon.vsri
llvm.aarch64.sdiv
llvm.aarch64.sisd.fabd
llvm.aarch64.sisd.fcvtxn
llvm.aarch64.space
llvm.aarch64.stlxp
llvm.aarch64.stlxr
llvm.aarch64.stxp
llvm.aarch64.stxr
llvm.aarch64.udiv
