llvm.arm.cdp
llvm.arm.cdp2
llvm.arm.clrex
llvm.arm.crc32b
llvm.arm.crc32cb
llvm.arm.crc32ch
llvm.arm.crc32cw
llvm.arm.crc32h
llvm.arm.crc32w
llvm.arm.dbg
llvm.arm.dmb
llvm.arm.dsb
llvm.arm.get.fpscr
llvm.arm.hint
llvm.arm.isb
llvm.arm.ldaex
llvm.arm.ldaexd
llvm.arm.ldc
llvm.arm.ldc2
llvm.arm.ldc2l
llvm.arm.ldcl
llvm.arm.ldrex
llvm.arm.ldrexd
llvm.arm.mcr
llvm.arm.mcr2
llvm.arm.mcrr
llvm.arm.mcrr2
llvm.arm.mrc
llvm.arm.mrc2
llvm.arm.mrrc
llvm.arm.mrrc2
llvm.arm.neon.aesd
llvm.arm.neon.aese
llvm.arm.neon.aesimc
llvm.arm.neon.aesmc
llvm.arm.neon.sdot
llvm.arm.neon.sha1c
llvm.arm.neon.sha1h
llvm.arm.neon.sha1m
llvm.arm.neon.sha1p
llvm.arm.neon.sha1su0
llvm.arm.neon.sha1su1
llvm.arm.neon.sha256h
llvm.arm.neon.sha256h2
llvm.arm.neon.sha256su0
llvm.arm.neon.sha256su1
llvm.arm.neon.udot
llvm.arm.neon.vabds
llvm.arm.neon.vabdu
llvm.arm.neon.vabs
llvm.arm.neon.vacge
llvm.arm.neon.vacgt
llvm.arm.neon.vbsl
llvm.arm.neon.vcls
llvm.arm.neon.vcvtas
llvm.arm.neon.vcvtau
llvm.arm.neon.vcvtfp2fxs
llvm.arm.neon.vcvtfp2fxu
llvm.arm.neon.vcvtfp2hf
llvm.arm.neon.vcvtfxs2fp
llvm.arm.neon.vcvtfxu2fp
llvm.arm.neon.vcvthf2fp
llvm.arm.neon.vcvtms
llvm.arm.neon.vcvtmu
llvm.arm.neon.vcvtns
llvm.arm.neon.vcvtnu
llvm.arm.neon.vcvtps
llvm.arm.neon.vcvtpu
llvm.arm.neon.vhadds
llvm.arm.neon.vhaddu
llvm.arm.neon.vhsubs
llvm.arm.neon.vhsubu
llvm.arm.neon.vld1
llvm.arm.neon.vld1x2
llvm.arm.neon.vld1x3
llvm.arm.neon.vld1x4
llvm.arm.neon.vld2
llvm.arm.neon.vld2dup
llvm.arm.neon.vld2lane
llvm.arm.neon.vld3
llvm.arm.neon.vld3dup
llvm.arm.neon.vld3lane
llvm.arm.neon.vld4
llvm.arm.neon.vld4dup
llvm.arm.neon.vld4lane
llvm.arm.neon.vmaxnm
llvm.arm.neon.vmaxs
llvm.arm.neon.vmaxu
llvm.arm.neon.vminnm
llvm.arm.neon.vmins
llvm.arm.neon.vminu
llvm.arm.neon.vmullp
llvm.arm.neon.vmulls
llvm.arm.neon.vmullu
llvm.arm.neon.vmulp
llvm.arm.neon.vpadals
llvm.arm.neon.vpadalu
llvm.arm.neon.vpadd
llvm.arm.neon.vpaddls
llvm.arm.neon.vpaddlu
llvm.arm.neon.vpmaxs
llvm.arm.neon.vpmaxu
llvm.arm.neon.vpmins
llvm.arm.neon.vpminu
llvm.arm.neon.vqabs
llvm.arm.neon.vqadds
llvm.arm.neon.vqaddu
llvm.arm.neon.vqdmulh
llvm.arm.neon.vqdmull
llvm.arm.neon.vqmovns
llvm.arm.neon.vqmovnsu
llvm.arm.neon.vqmovnu
llvm.arm.neon.vqneg
llvm.arm.neon.vqrdmulh
llvm.arm.neon.vqrshiftns
llvm.arm.neon.vqrshiftnsu
llvm.arm.neon.vqrshiftnu
llvm.arm.neon.vqrshifts
llvm.arm.neon.vqrshiftu
llvm.arm.neon.vqshiftns
llvm.arm.neon.vqshiftnsu
llvm.arm.neon.vqshiftnu
llvm.arm.neon.vqshifts
llvm.arm.neon.vqshiftsu
llvm.arm.neon.vqshiftu
llvm.arm.neon.vqsubs
llvm.arm.neon.vqsubu
llvm.arm.neon.vraddhn
llvm.arm.neon.vrecpe
llvm.arm.neon.vrecps
llvm.arm.neon.vrhadds
llvm.arm.neon.vrhaddu
llvm.arm.neon.vrinta
llvm.arm.neon.vrintm
llvm.arm.neon.vrintn
llvm.arm.neon.vrintp
llvm.arm.neon.vrintx
llvm.arm.neon.vrintz
llvm.arm.neon.vrshiftn
llvm.arm.neon.vrshifts
llvm.arm.neon.vrshiftu
llvm.arm.neon.vrsqrte
llvm.arm.neon.vrsqrts
llvm.arm.neon.vrsubhn
llvm.arm.neon.vshiftins
llvm.arm.neon.vshifts
llvm.arm.neon.vshiftu
llvm.arm.neon.vst1
llvm.arm.neon.vst1x2
llvm.arm.neon.vst1x3
llvm.arm.neon.vst1x4
llvm.arm.neon.vst2
llvm.arm.neon.vst2lane
llvm.arm.neon.vst3
llvm.arm.neon.vst3lane
llvm.arm.neon.vst4
llvm.arm.neon.vst4lane
llvm.arm.neon.vtbl1
llvm.arm.neon.vtbl2
llvm.arm.neon.vtbl3
llvm.arm.neon.vtbl4
llvm.arm.neon.vtbx1
llvm.arm.neon.vtbx2
llvm.arm.neon.vtbx3
llvm.arm.neon.vtbx4
llvm.arm.qadd
llvm.arm.qadd16
llvm.arm.qadd8
llvm.arm.qasx
llvm.arm.qsax
llvm.arm.qsub
llvm.arm.qsub16
llvm.arm.qsub8
llvm.arm.sadd16
llvm.arm.sadd8
llvm.arm.sasx
llvm.arm.sel
llvm.arm.set.fpscr
llvm.arm.shadd16
llvm.arm.shadd8
llvm.arm.shasx
llvm.arm.shsax
llvm.arm.shsub16
llvm.arm.shsub8
llvm.arm.smlabb
llvm.arm.smlabt
llvm.arm.smlad
llvm.arm.smladx
llvm.arm.smlald
llvm.arm.smlaldx
llvm.arm.smlatb
llvm.arm.smlatt
llvm.arm.smlawb
llvm.arm.smlawt
llvm.arm.smlsd
llvm.arm.smlsdx
llvm.arm.smlsld
llvm.arm.smlsldx
llvm.arm.smuad
llvm.arm.smuadx
llvm.arm.smulbb
llvm.arm.smulbt
llvm.arm.smultb
llvm.arm.smultt
llvm.arm.smulwb
llvm.arm.smulwt
llvm.arm.smusd
llvm.arm.smusdx
llvm.arm.space
llvm.arm.ssat
llvm.arm.ssat16
llvm.arm.ssax
llvm.arm.ssub16
llvm.arm.ssub8
llvm.arm.stc
llvm.arm.stc2
llvm.arm.stc2l
llvm.arm.stcl
llvm.arm.stlex
llvm.arm.stlexd
llvm.arm.strex
llvm.arm.strexd
llvm.arm.sxtab16
llvm.arm.sxtb16
llvm.arm.uadd16
llvm.arm.uadd8
llvm.arm.uasx
llvm.arm.uhadd16
llvm.arm.uhadd8
llvm.arm.uhasx
llvm.arm.uhsax
llvm.arm.uhsub16
llvm.arm.uhsub8
llvm.arm.undefined
llvm.arm.uqadd16
llvm.arm.uqadd8
llvm.arm.uqasx
llvm.arm.uqsax
llvm.arm.uqsub16
llvm.arm.uqsub8
llvm.arm.usad8
llvm.arm.usada8
llvm.arm.usat
llvm.arm.usat16
llvm.arm.usax
llvm.arm.usub16
llvm.arm.usub8
llvm.arm.uxtab16
llvm.arm.uxtb16
llvm.arm.vcvtr
llvm.arm.vcvtru
