llvm.hexagon.A2.abs
llvm.hexagon.A2.absp
llvm.hexagon.A2.abssat
llvm.hexagon.A2.add
llvm.hexagon.A2.addh.h16.hh
llvm.hexagon.A2.addh.h16.hl
llvm.hexagon.A2.addh.h16.lh
llvm.hexagon.A2.addh.h16.ll
llvm.hexagon.A2.addh.h16.sat.hh
llvm.hexagon.A2.addh.h16.sat.hl
llvm.hexagon.A2.addh.h16.sat.lh
llvm.hexagon.A2.addh.h16.sat.ll
llvm.hexagon.A2.addh.l16.hl
llvm.hexagon.A2.addh.l16.ll
llvm.hexagon.A2.addh.l16.sat.hl
llvm.hexagon.A2.addh.l16.sat.ll
llvm.hexagon.A2.addi
llvm.hexagon.A2.addp
llvm.hexagon.A2.addpsat
llvm.hexagon.A2.addsat
llvm.hexagon.A2.addsp
llvm.hexagon.A2.and
llvm.hexagon.A2.andir
llvm.hexagon.A2.andp
llvm.hexagon.A2.aslh
llvm.hexagon.A2.asrh
llvm.hexagon.A2.combine.hh
llvm.hexagon.A2.combine.hl
llvm.hexagon.A2.combine.lh
llvm.hexagon.A2.combine.ll
llvm.hexagon.A2.combineii
llvm.hexagon.A2.combinew
llvm.hexagon.A2.max
llvm.hexagon.A2.maxp
llvm.hexagon.A2.maxu
llvm.hexagon.A2.maxup
llvm.hexagon.A2.min
llvm.hexagon.A2.minp
llvm.hexagon.A2.minu
llvm.hexagon.A2.minup
llvm.hexagon.A2.neg
llvm.hexagon.A2.negp
llvm.hexagon.A2.negsat
llvm.hexagon.A2.not
llvm.hexagon.A2.notp
llvm.hexagon.A2.or
llvm.hexagon.A2.orir
llvm.hexagon.A2.orp
llvm.hexagon.A2.pxorf
llvm.hexagon.A2.roundsat
llvm.hexagon.A2.sat
llvm.hexagon.A2.satb
llvm.hexagon.A2.sath
llvm.hexagon.A2.satub
llvm.hexagon.A2.satuh
llvm.hexagon.A2.sub
llvm.hexagon.A2.subh.h16.hh
llvm.hexagon.A2.subh.h16.hl
llvm.hexagon.A2.subh.h16.lh
llvm.hexagon.A2.subh.h16.ll
llvm.hexagon.A2.subh.h16.sat.hh
llvm.hexagon.A2.subh.h16.sat.hl
llvm.hexagon.A2.subh.h16.sat.lh
llvm.hexagon.A2.subh.h16.sat.ll
llvm.hexagon.A2.subh.l16.hl
llvm.hexagon.A2.subh.l16.ll
llvm.hexagon.A2.subh.l16.sat.hl
llvm.hexagon.A2.subh.l16.sat.ll
llvm.hexagon.A2.subp
llvm.hexagon.A2.subri
llvm.hexagon.A2.subsat
llvm.hexagon.A2.svaddh
llvm.hexagon.A2.svaddhs
llvm.hexagon.A2.svadduhs
llvm.hexagon.A2.svavgh
llvm.hexagon.A2.svavghs
llvm.hexagon.A2.svnavgh
llvm.hexagon.A2.svsubh
llvm.hexagon.A2.svsubhs
llvm.hexagon.A2.svsubuhs
llvm.hexagon.A2.swiz
llvm.hexagon.A2.sxtb
llvm.hexagon.A2.sxth
llvm.hexagon.A2.sxtw
llvm.hexagon.A2.tfr
llvm.hexagon.A2.tfrcrr
llvm.hexagon.A2.tfrih
llvm.hexagon.A2.tfril
llvm.hexagon.A2.tfrp
llvm.hexagon.A2.tfrpi
llvm.hexagon.A2.tfrrcr
llvm.hexagon.A2.tfrsi
llvm.hexagon.A2.vabsh
llvm.hexagon.A2.vabshsat
llvm.hexagon.A2.vabsw
llvm.hexagon.A2.vabswsat
llvm.hexagon.A2.vaddb.map
llvm.hexagon.A2.vaddh
llvm.hexagon.A2.vaddhs
llvm.hexagon.A2.vaddub
llvm.hexagon.A2.vaddubs
llvm.hexagon.A2.vadduhs
llvm.hexagon.A2.vaddw
llvm.hexagon.A2.vaddws
llvm.hexagon.A2.vavgh
llvm.hexagon.A2.vavghcr
llvm.hexagon.A2.vavghr
llvm.hexagon.A2.vavgub
llvm.hexagon.A2.vavgubr
llvm.hexagon.A2.vavguh
llvm.hexagon.A2.vavguhr
llvm.hexagon.A2.vavguw
llvm.hexagon.A2.vavguwr
llvm.hexagon.A2.vavgw
llvm.hexagon.A2.vavgwcr
llvm.hexagon.A2.vavgwr
llvm.hexagon.A2.vcmpbeq
llvm.hexagon.A2.vcmpbgtu
llvm.hexagon.A2.vcmpheq
llvm.hexagon.A2.vcmphgt
llvm.hexagon.A2.vcmphgtu
llvm.hexagon.A2.vcmpweq
llvm.hexagon.A2.vcmpwgt
llvm.hexagon.A2.vcmpwgtu
llvm.hexagon.A2.vconj
llvm.hexagon.A2.vmaxb
llvm.hexagon.A2.vmaxh
llvm.hexagon.A2.vmaxub
llvm.hexagon.A2.vmaxuh
llvm.hexagon.A2.vmaxuw
llvm.hexagon.A2.vmaxw
llvm.hexagon.A2.vminb
llvm.hexagon.A2.vminh
llvm.hexagon.A2.vminub
llvm.hexagon.A2.vminuh
llvm.hexagon.A2.vminuw
llvm.hexagon.A2.vminw
llvm.hexagon.A2.vnavgh
llvm.hexagon.A2.vnavghcr
llvm.hexagon.A2.vnavghr
llvm.hexagon.A2.vnavgw
llvm.hexagon.A2.vnavgwcr
llvm.hexagon.A2.vnavgwr
llvm.hexagon.A2.vraddub
llvm.hexagon.A2.vraddub.acc
llvm.hexagon.A2.vrsadub
llvm.hexagon.A2.vrsadub.acc
llvm.hexagon.A2.vsubb.map
llvm.hexagon.A2.vsubh
llvm.hexagon.A2.vsubhs
llvm.hexagon.A2.vsubub
llvm.hexagon.A2.vsububs
llvm.hexagon.A2.vsubuhs
llvm.hexagon.A2.vsubw
llvm.hexagon.A2.vsubws
llvm.hexagon.A2.xor
llvm.hexagon.A2.xorp
llvm.hexagon.A2.zxtb
llvm.hexagon.A2.zxth
llvm.hexagon.A4.addp.c
llvm.hexagon.A4.andn
llvm.hexagon.A4.andnp
llvm.hexagon.A4.bitsplit
llvm.hexagon.A4.bitspliti
llvm.hexagon.A4.boundscheck
llvm.hexagon.A4.cmpbeq
llvm.hexagon.A4.cmpbeqi
llvm.hexagon.A4.cmpbgt
llvm.hexagon.A4.cmpbgti
llvm.hexagon.A4.cmpbgtu
llvm.hexagon.A4.cmpbgtui
llvm.hexagon.A4.cmpheq
llvm.hexagon.A4.cmpheqi
llvm.hexagon.A4.cmphgt
llvm.hexagon.A4.cmphgti
llvm.hexagon.A4.cmphgtu
llvm.hexagon.A4.cmphgtui
llvm.hexagon.A4.combineii
llvm.hexagon.A4.combineir
llvm.hexagon.A4.combineri
llvm.hexagon.A4.cround.ri
llvm.hexagon.A4.cround.rr
llvm.hexagon.A4.modwrapu
llvm.hexagon.A4.orn
llvm.hexagon.A4.ornp
llvm.hexagon.A4.rcmpeq
llvm.hexagon.A4.rcmpeqi
llvm.hexagon.A4.rcmpneq
llvm.hexagon.A4.rcmpneqi
llvm.hexagon.A4.round.ri
llvm.hexagon.A4.round.ri.sat
llvm.hexagon.A4.round.rr
llvm.hexagon.A4.round.rr.sat
llvm.hexagon.A4.subp.c
llvm.hexagon.A4.tfrcpp
llvm.hexagon.A4.tfrpcp
llvm.hexagon.A4.tlbmatch
llvm.hexagon.A4.vcmpbeq.any
llvm.hexagon.A4.vcmpbeqi
llvm.hexagon.A4.vcmpbgt
llvm.hexagon.A4.vcmpbgti
llvm.hexagon.A4.vcmpbgtui
llvm.hexagon.A4.vcmpheqi
llvm.hexagon.A4.vcmphgti
llvm.hexagon.A4.vcmphgtui
llvm.hexagon.A4.vcmpweqi
llvm.hexagon.A4.vcmpwgti
llvm.hexagon.A4.vcmpwgtui
llvm.hexagon.A4.vrmaxh
llvm.hexagon.A4.vrmaxuh
llvm.hexagon.A4.vrmaxuw
llvm.hexagon.A4.vrmaxw
llvm.hexagon.A4.vrminh
llvm.hexagon.A4.vrminuh
llvm.hexagon.A4.vrminuw
llvm.hexagon.A4.vrminw
llvm.hexagon.A5.ACS
llvm.hexagon.A5.vaddhubs
llvm.hexagon.A6.vcmpbeq.notany
llvm.hexagon.A6.vminub.RdP
llvm.hexagon.C2.all8
llvm.hexagon.C2.and
llvm.hexagon.C2.andn
llvm.hexagon.C2.any8
llvm.hexagon.C2.bitsclr
llvm.hexagon.C2.bitsclri
llvm.hexagon.C2.bitsset
llvm.hexagon.C2.cmpeq
llvm.hexagon.C2.cmpeqi
llvm.hexagon.C2.cmpeqp
llvm.hexagon.C2.cmpgei
llvm.hexagon.C2.cmpgeui
llvm.hexagon.C2.cmpgt
llvm.hexagon.C2.cmpgti
llvm.hexagon.C2.cmpgtp
llvm.hexagon.C2.cmpgtu
llvm.hexagon.C2.cmpgtui
llvm.hexagon.C2.cmpgtup
llvm.hexagon.C2.cmplt
llvm.hexagon.C2.cmpltu
llvm.hexagon.C2.mask
llvm.hexagon.C2.mux
llvm.hexagon.C2.muxii
llvm.hexagon.C2.muxir
llvm.hexagon.C2.muxri
llvm.hexagon.C2.not
llvm.hexagon.C2.or
llvm.hexagon.C2.orn
llvm.hexagon.C2.pxfer.map
llvm.hexagon.C2.tfrpr
llvm.hexagon.C2.tfrrp
llvm.hexagon.C2.vitpack
llvm.hexagon.C2.vmux
llvm.hexagon.C2.xor
llvm.hexagon.C4.and.and
llvm.hexagon.C4.and.andn
llvm.hexagon.C4.and.or
llvm.hexagon.C4.and.orn
llvm.hexagon.C4.cmplte
llvm.hexagon.C4.cmpltei
llvm.hexagon.C4.cmplteu
llvm.hexagon.C4.cmplteui
llvm.hexagon.C4.cmpneq
llvm.hexagon.C4.cmpneqi
llvm.hexagon.C4.fastcorner9
llvm.hexagon.C4.fastcorner9.not
llvm.hexagon.C4.nbitsclr
llvm.hexagon.C4.nbitsclri
llvm.hexagon.C4.nbitsset
llvm.hexagon.C4.or.and
llvm.hexagon.C4.or.andn
llvm.hexagon.C4.or.or
llvm.hexagon.C4.or.orn
llvm.hexagon.F2.conv.d2df
llvm.hexagon.F2.conv.d2sf
llvm.hexagon.F2.conv.df2d
llvm.hexagon.F2.conv.df2d.chop
llvm.hexagon.F2.conv.df2sf
llvm.hexagon.F2.conv.df2ud
llvm.hexagon.F2.conv.df2ud.chop
llvm.hexagon.F2.conv.df2uw
llvm.hexagon.F2.conv.df2uw.chop
llvm.hexagon.F2.conv.df2w
llvm.hexagon.F2.conv.df2w.chop
llvm.hexagon.F2.conv.sf2d
llvm.hexagon.F2.conv.sf2d.chop
llvm.hexagon.F2.conv.sf2df
llvm.hexagon.F2.conv.sf2ud
llvm.hexagon.F2.conv.sf2ud.chop
llvm.hexagon.F2.conv.sf2uw
llvm.hexagon.F2.conv.sf2uw.chop
llvm.hexagon.F2.conv.sf2w
llvm.hexagon.F2.conv.sf2w.chop
llvm.hexagon.F2.conv.ud2df
llvm.hexagon.F2.conv.ud2sf
llvm.hexagon.F2.conv.uw2df
llvm.hexagon.F2.conv.uw2sf
llvm.hexagon.F2.conv.w2df
llvm.hexagon.F2.conv.w2sf
llvm.hexagon.F2.dfadd
llvm.hexagon.F2.dfclass
llvm.hexagon.F2.dfcmpeq
llvm.hexagon.F2.dfcmpge
llvm.hexagon.F2.dfcmpgt
llvm.hexagon.F2.dfcmpuo
llvm.hexagon.F2.dfimm.n
llvm.hexagon.F2.dfimm.p
llvm.hexagon.F2.dfsub
llvm.hexagon.F2.sfadd
llvm.hexagon.F2.sfclass
llvm.hexagon.F2.sfcmpeq
llvm.hexagon.F2.sfcmpge
llvm.hexagon.F2.sfcmpgt
llvm.hexagon.F2.sfcmpuo
llvm.hexagon.F2.sffixupd
llvm.hexagon.F2.sffixupn
llvm.hexagon.F2.sffixupr
llvm.hexagon.F2.sffma
llvm.hexagon.F2.sffma.lib
llvm.hexagon.F2.sffma.sc
llvm.hexagon.F2.sffms
llvm.hexagon.F2.sffms.lib
llvm.hexagon.F2.sfimm.n
llvm.hexagon.F2.sfimm.p
llvm.hexagon.F2.sfinvsqrta
llvm.hexagon.F2.sfmax
llvm.hexagon.F2.sfmin
llvm.hexagon.F2.sfmpy
llvm.hexagon.F2.sfrecipa
llvm.hexagon.F2.sfsub
llvm.hexagon.L2.loadrb.pbr
llvm.hexagon.L2.loadrb.pci
llvm.hexagon.L2.loadrb.pcr
llvm.hexagon.L2.loadrd.pbr
llvm.hexagon.L2.loadrd.pci
llvm.hexagon.L2.loadrd.pcr
llvm.hexagon.L2.loadrh.pbr
llvm.hexagon.L2.loadrh.pci
llvm.hexagon.L2.loadrh.pcr
llvm.hexagon.L2.loadri.pbr
llvm.hexagon.L2.loadri.pci
llvm.hexagon.L2.loadri.pcr
llvm.hexagon.L2.loadrub.pbr
llvm.hexagon.L2.loadrub.pci
llvm.hexagon.L2.loadrub.pcr
llvm.hexagon.L2.loadruh.pbr
llvm.hexagon.L2.loadruh.pci
llvm.hexagon.L2.loadruh.pcr
llvm.hexagon.L2.loadw.locked
llvm.hexagon.L4.loadd.locked
llvm.hexagon.M2.acci
llvm.hexagon.M2.accii
llvm.hexagon.M2.cmaci.s0
llvm.hexagon.M2.cmacr.s0
llvm.hexagon.M2.cmacs.s0
llvm.hexagon.M2.cmacs.s1
llvm.hexagon.M2.cmacsc.s0
llvm.hexagon.M2.cmacsc.s1
llvm.hexagon.M2.cmpyi.s0
llvm.hexagon.M2.cmpyr.s0
llvm.hexagon.M2.cmpyrs.s0
llvm.hexagon.M2.cmpyrs.s1
llvm.hexagon.M2.cmpyrsc.s0
llvm.hexagon.M2.cmpyrsc.s1
llvm.hexagon.M2.cmpys.s0
llvm.hexagon.M2.cmpys.s1
llvm.hexagon.M2.cmpysc.s0
llvm.hexagon.M2.cmpysc.s1
llvm.hexagon.M2.cnacs.s0
llvm.hexagon.M2.cnacs.s1
llvm.hexagon.M2.cnacsc.s0
llvm.hexagon.M2.cnacsc.s1
llvm.hexagon.M2.dpmpyss.acc.s0
llvm.hexagon.M2.dpmpyss.nac.s0
llvm.hexagon.M2.dpmpyss.rnd.s0
llvm.hexagon.M2.dpmpyss.s0
llvm.hexagon.M2.dpmpyuu.acc.s0
llvm.hexagon.M2.dpmpyuu.nac.s0
llvm.hexagon.M2.dpmpyuu.s0
llvm.hexagon.M2.hmmpyh.rs1
llvm.hexagon.M2.hmmpyh.s1
llvm.hexagon.M2.hmmpyl.rs1
llvm.hexagon.M2.hmmpyl.s1
llvm.hexagon.M2.maci
llvm.hexagon.M2.macsin
llvm.hexagon.M2.macsip
llvm.hexagon.M2.mmachs.rs0
llvm.hexagon.M2.mmachs.rs1
llvm.hexagon.M2.mmachs.s0
llvm.hexagon.M2.mmachs.s1
llvm.hexagon.M2.mmacls.rs0
llvm.hexagon.M2.mmacls.rs1
llvm.hexagon.M2.mmacls.s0
llvm.hexagon.M2.mmacls.s1
llvm.hexagon.M2.mmacuhs.rs0
llvm.hexagon.M2.mmacuhs.rs1
llvm.hexagon.M2.mmacuhs.s0
llvm.hexagon.M2.mmacuhs.s1
llvm.hexagon.M2.mmaculs.rs0
llvm.hexagon.M2.mmaculs.rs1
llvm.hexagon.M2.mmaculs.s0
llvm.hexagon.M2.mmaculs.s1
llvm.hexagon.M2.mmpyh.rs0
llvm.hexagon.M2.mmpyh.rs1
llvm.hexagon.M2.mmpyh.s0
llvm.hexagon.M2.mmpyh.s1
llvm.hexagon.M2.mmpyl.rs0
llvm.hexagon.M2.mmpyl.rs1
llvm.hexagon.M2.mmpyl.s0
llvm.hexagon.M2.mmpyl.s1
llvm.hexagon.M2.mmpyuh.rs0
llvm.hexagon.M2.mmpyuh.rs1
llvm.hexagon.M2.mmpyuh.s0
llvm.hexagon.M2.mmpyuh.s1
llvm.hexagon.M2.mmpyul.rs0
llvm.hexagon.M2.mmpyul.rs1
llvm.hexagon.M2.mmpyul.s0
llvm.hexagon.M2.mmpyul.s1
llvm.hexagon.M2.mnaci
llvm.hexagon.M2.mpy.acc.hh.s0
llvm.hexagon.M2.mpy.acc.hh.s1
llvm.hexagon.M2.mpy.acc.hl.s0
llvm.hexagon.M2.mpy.acc.hl.s1
llvm.hexagon.M2.mpy.acc.lh.s0
llvm.hexagon.M2.mpy.acc.lh.s1
llvm.hexagon.M2.mpy.acc.ll.s0
llvm.hexagon.M2.mpy.acc.ll.s1
llvm.hexagon.M2.mpy.acc.sat.hh.s0
llvm.hexagon.M2.mpy.acc.sat.hh.s1
llvm.hexagon.M2.mpy.acc.sat.hl.s0
llvm.hexagon.M2.mpy.acc.sat.hl.s1
llvm.hexagon.M2.mpy.acc.sat.lh.s0
llvm.hexagon.M2.mpy.acc.sat.lh.s1
llvm.hexagon.M2.mpy.acc.sat.ll.s0
llvm.hexagon.M2.mpy.acc.sat.ll.s1
llvm.hexagon.M2.mpy.hh.s0
llvm.hexagon.M2.mpy.hh.s1
llvm.hexagon.M2.mpy.hl.s0
llvm.hexagon.M2.mpy.hl.s1
llvm.hexagon.M2.mpy.lh.s0
llvm.hexagon.M2.mpy.lh.s1
llvm.hexagon.M2.mpy.ll.s0
llvm.hexagon.M2.mpy.ll.s1
llvm.hexagon.M2.mpy.nac.hh.s0
llvm.hexagon.M2.mpy.nac.hh.s1
llvm.hexagon.M2.mpy.nac.hl.s0
llvm.hexagon.M2.mpy.nac.hl.s1
llvm.hexagon.M2.mpy.nac.lh.s0
llvm.hexagon.M2.mpy.nac.lh.s1
llvm.hexagon.M2.mpy.nac.ll.s0
llvm.hexagon.M2.mpy.nac.ll.s1
llvm.hexagon.M2.mpy.nac.sat.hh.s0
llvm.hexagon.M2.mpy.nac.sat.hh.s1
llvm.hexagon.M2.mpy.nac.sat.hl.s0
llvm.hexagon.M2.mpy.nac.sat.hl.s1
llvm.hexagon.M2.mpy.nac.sat.lh.s0
llvm.hexagon.M2.mpy.nac.sat.lh.s1
llvm.hexagon.M2.mpy.nac.sat.ll.s0
llvm.hexagon.M2.mpy.nac.sat.ll.s1
llvm.hexagon.M2.mpy.rnd.hh.s0
llvm.hexagon.M2.mpy.rnd.hh.s1
llvm.hexagon.M2.mpy.rnd.hl.s0
llvm.hexagon.M2.mpy.rnd.hl.s1
llvm.hexagon.M2.mpy.rnd.lh.s0
llvm.hexagon.M2.mpy.rnd.lh.s1
llvm.hexagon.M2.mpy.rnd.ll.s0
llvm.hexagon.M2.mpy.rnd.ll.s1
llvm.hexagon.M2.mpy.sat.hh.s0
llvm.hexagon.M2.mpy.sat.hh.s1
llvm.hexagon.M2.mpy.sat.hl.s0
llvm.hexagon.M2.mpy.sat.hl.s1
llvm.hexagon.M2.mpy.sat.lh.s0
llvm.hexagon.M2.mpy.sat.lh.s1
llvm.hexagon.M2.mpy.sat.ll.s0
llvm.hexagon.M2.mpy.sat.ll.s1
llvm.hexagon.M2.mpy.sat.rnd.hh.s0
llvm.hexagon.M2.mpy.sat.rnd.hh.s1
llvm.hexagon.M2.mpy.sat.rnd.hl.s0
llvm.hexagon.M2.mpy.sat.rnd.hl.s1
llvm.hexagon.M2.mpy.sat.rnd.lh.s0
llvm.hexagon.M2.mpy.sat.rnd.lh.s1
llvm.hexagon.M2.mpy.sat.rnd.ll.s0
llvm.hexagon.M2.mpy.sat.rnd.ll.s1
llvm.hexagon.M2.mpy.up
llvm.hexagon.M2.mpy.up.s1
llvm.hexagon.M2.mpy.up.s1.sat
llvm.hexagon.M2.mpyd.acc.hh.s0
llvm.hexagon.M2.mpyd.acc.hh.s1
llvm.hexagon.M2.mpyd.acc.hl.s0
llvm.hexagon.M2.mpyd.acc.hl.s1
llvm.hexagon.M2.mpyd.acc.lh.s0
llvm.hexagon.M2.mpyd.acc.lh.s1
llvm.hexagon.M2.mpyd.acc.ll.s0
llvm.hexagon.M2.mpyd.acc.ll.s1
llvm.hexagon.M2.mpyd.hh.s0
llvm.hexagon.M2.mpyd.hh.s1
llvm.hexagon.M2.mpyd.hl.s0
llvm.hexagon.M2.mpyd.hl.s1
llvm.hexagon.M2.mpyd.lh.s0
llvm.hexagon.M2.mpyd.lh.s1
llvm.hexagon.M2.mpyd.ll.s0
llvm.hexagon.M2.mpyd.ll.s1
llvm.hexagon.M2.mpyd.nac.hh.s0
llvm.hexagon.M2.mpyd.nac.hh.s1
llvm.hexagon.M2.mpyd.nac.hl.s0
llvm.hexagon.M2.mpyd.nac.hl.s1
llvm.hexagon.M2.mpyd.nac.lh.s0
llvm.hexagon.M2.mpyd.nac.lh.s1
llvm.hexagon.M2.mpyd.nac.ll.s0
llvm.hexagon.M2.mpyd.nac.ll.s1
llvm.hexagon.M2.mpyd.rnd.hh.s0
llvm.hexagon.M2.mpyd.rnd.hh.s1
llvm.hexagon.M2.mpyd.rnd.hl.s0
llvm.hexagon.M2.mpyd.rnd.hl.s1
llvm.hexagon.M2.mpyd.rnd.lh.s0
llvm.hexagon.M2.mpyd.rnd.lh.s1
llvm.hexagon.M2.mpyd.rnd.ll.s0
llvm.hexagon.M2.mpyd.rnd.ll.s1
llvm.hexagon.M2.mpyi
llvm.hexagon.M2.mpysin
llvm.hexagon.M2.mpysip
llvm.hexagon.M2.mpysmi
llvm.hexagon.M2.mpysu.up
llvm.hexagon.M2.mpyu.acc.hh.s0
llvm.hexagon.M2.mpyu.acc.hh.s1
llvm.hexagon.M2.mpyu.acc.hl.s0
llvm.hexagon.M2.mpyu.acc.hl.s1
llvm.hexagon.M2.mpyu.acc.lh.s0
llvm.hexagon.M2.mpyu.acc.lh.s1
llvm.hexagon.M2.mpyu.acc.ll.s0
llvm.hexagon.M2.mpyu.acc.ll.s1
llvm.hexagon.M2.mpyu.hh.s0
llvm.hexagon.M2.mpyu.hh.s1
llvm.hexagon.M2.mpyu.hl.s0
llvm.hexagon.M2.mpyu.hl.s1
llvm.hexagon.M2.mpyu.lh.s0
llvm.hexagon.M2.mpyu.lh.s1
llvm.hexagon.M2.mpyu.ll.s0
llvm.hexagon.M2.mpyu.ll.s1
llvm.hexagon.M2.mpyu.nac.hh.s0
llvm.hexagon.M2.mpyu.nac.hh.s1
llvm.hexagon.M2.mpyu.nac.hl.s0
llvm.hexagon.M2.mpyu.nac.hl.s1
llvm.hexagon.M2.mpyu.nac.lh.s0
llvm.hexagon.M2.mpyu.nac.lh.s1
llvm.hexagon.M2.mpyu.nac.ll.s0
llvm.hexagon.M2.mpyu.nac.ll.s1
llvm.hexagon.M2.mpyu.up
llvm.hexagon.M2.mpyud.acc.hh.s0
llvm.hexagon.M2.mpyud.acc.hh.s1
llvm.hexagon.M2.mpyud.acc.hl.s0
llvm.hexagon.M2.mpyud.acc.hl.s1
llvm.hexagon.M2.mpyud.acc.lh.s0
llvm.hexagon.M2.mpyud.acc.lh.s1
llvm.hexagon.M2.mpyud.acc.ll.s0
llvm.hexagon.M2.mpyud.acc.ll.s1
llvm.hexagon.M2.mpyud.hh.s0
llvm.hexagon.M2.mpyud.hh.s1
llvm.hexagon.M2.mpyud.hl.s0
llvm.hexagon.M2.mpyud.hl.s1
llvm.hexagon.M2.mpyud.lh.s0
llvm.hexagon.M2.mpyud.lh.s1
llvm.hexagon.M2.mpyud.ll.s0
llvm.hexagon.M2.mpyud.ll.s1
llvm.hexagon.M2.mpyud.nac.hh.s0
llvm.hexagon.M2.mpyud.nac.hh.s1
llvm.hexagon.M2.mpyud.nac.hl.s0
llvm.hexagon.M2.mpyud.nac.hl.s1
llvm.hexagon.M2.mpyud.nac.lh.s0
llvm.hexagon.M2.mpyud.nac.lh.s1
llvm.hexagon.M2.mpyud.nac.ll.s0
llvm.hexagon.M2.mpyud.nac.ll.s1
llvm.hexagon.M2.mpyui
llvm.hexagon.M2.nacci
llvm.hexagon.M2.naccii
llvm.hexagon.M2.subacc
llvm.hexagon.M2.vabsdiffh
llvm.hexagon.M2.vabsdiffw
llvm.hexagon.M2.vcmac.s0.sat.i
llvm.hexagon.M2.vcmac.s0.sat.r
llvm.hexagon.M2.vcmpy.s0.sat.i
llvm.hexagon.M2.vcmpy.s0.sat.r
llvm.hexagon.M2.vcmpy.s1.sat.i
llvm.hexagon.M2.vcmpy.s1.sat.r
llvm.hexagon.M2.vdmacs.s0
llvm.hexagon.M2.vdmacs.s1
llvm.hexagon.M2.vdmpyrs.s0
llvm.hexagon.M2.vdmpyrs.s1
llvm.hexagon.M2.vdmpys.s0
llvm.hexagon.M2.vdmpys.s1
llvm.hexagon.M2.vmac2
llvm.hexagon.M2.vmac2es
llvm.hexagon.M2.vmac2es.s0
llvm.hexagon.M2.vmac2es.s1
llvm.hexagon.M2.vmac2s.s0
llvm.hexagon.M2.vmac2s.s1
llvm.hexagon.M2.vmac2su.s0
llvm.hexagon.M2.vmac2su.s1
llvm.hexagon.M2.vmpy2es.s0
llvm.hexagon.M2.vmpy2es.s1
llvm.hexagon.M2.vmpy2s.s0
llvm.hexagon.M2.vmpy2s.s0pack
llvm.hexagon.M2.vmpy2s.s1
llvm.hexagon.M2.vmpy2s.s1pack
llvm.hexagon.M2.vmpy2su.s0
llvm.hexagon.M2.vmpy2su.s1
llvm.hexagon.M2.vraddh
llvm.hexagon.M2.vradduh
llvm.hexagon.M2.vrcmaci.s0
llvm.hexagon.M2.vrcmaci.s0c
llvm.hexagon.M2.vrcmacr.s0
llvm.hexagon.M2.vrcmacr.s0c
llvm.hexagon.M2.vrcmpyi.s0
llvm.hexagon.M2.vrcmpyi.s0c
llvm.hexagon.M2.vrcmpyr.s0
llvm.hexagon.M2.vrcmpyr.s0c
llvm.hexagon.M2.vrcmpys.acc.s1
llvm.hexagon.M2.vrcmpys.s1
llvm.hexagon.M2.vrcmpys.s1rp
llvm.hexagon.M2.vrmac.s0
llvm.hexagon.M2.vrmpy.s0
llvm.hexagon.M2.xor.xacc
llvm.hexagon.M4.and.and
llvm.hexagon.M4.and.andn
llvm.hexagon.M4.and.or
llvm.hexagon.M4.and.xor
llvm.hexagon.M4.cmpyi.wh
llvm.hexagon.M4.cmpyi.whc
llvm.hexagon.M4.cmpyr.wh
llvm.hexagon.M4.cmpyr.whc
llvm.hexagon.M4.mac.up.s1.sat
llvm.hexagon.M4.mpyri.addi
llvm.hexagon.M4.mpyri.addr
llvm.hexagon.M4.mpyri.addr.u2
llvm.hexagon.M4.mpyrr.addi
llvm.hexagon.M4.mpyrr.addr
llvm.hexagon.M4.nac.up.s1.sat
llvm.hexagon.M4.or.and
llvm.hexagon.M4.or.andn
llvm.hexagon.M4.or.or
llvm.hexagon.M4.or.xor
llvm.hexagon.M4.pmpyw
llvm.hexagon.M4.pmpyw.acc
llvm.hexagon.M4.vpmpyh
llvm.hexagon.M4.vpmpyh.acc
llvm.hexagon.M4.vrmpyeh.acc.s0
llvm.hexagon.M4.vrmpyeh.acc.s1
llvm.hexagon.M4.vrmpyeh.s0
llvm.hexagon.M4.vrmpyeh.s1
llvm.hexagon.M4.vrmpyoh.acc.s0
llvm.hexagon.M4.vrmpyoh.acc.s1
llvm.hexagon.M4.vrmpyoh.s0
llvm.hexagon.M4.vrmpyoh.s1
llvm.hexagon.M4.xor.and
llvm.hexagon.M4.xor.andn
llvm.hexagon.M4.xor.or
llvm.hexagon.M4.xor.xacc
llvm.hexagon.M5.vdmacbsu
llvm.hexagon.M5.vdmpybsu
llvm.hexagon.M5.vmacbsu
llvm.hexagon.M5.vmacbuu
llvm.hexagon.M5.vmpybsu
llvm.hexagon.M5.vmpybuu
llvm.hexagon.M5.vrmacbsu
llvm.hexagon.M5.vrmacbuu
llvm.hexagon.M5.vrmpybsu
llvm.hexagon.M5.vrmpybuu
llvm.hexagon.M6.vabsdiffb
llvm.hexagon.M6.vabsdiffub
llvm.hexagon.S2.addasl.rrri
llvm.hexagon.S2.asl.i.p
llvm.hexagon.S2.asl.i.p.acc
llvm.hexagon.S2.asl.i.p.and
llvm.hexagon.S2.asl.i.p.nac
llvm.hexagon.S2.asl.i.p.or
llvm.hexagon.S2.asl.i.p.xacc
llvm.hexagon.S2.asl.i.r
llvm.hexagon.S2.asl.i.r.acc
llvm.hexagon.S2.asl.i.r.and
llvm.hexagon.S2.asl.i.r.nac
llvm.hexagon.S2.asl.i.r.or
llvm.hexagon.S2.asl.i.r.sat
llvm.hexagon.S2.asl.i.r.xacc
llvm.hexagon.S2.asl.i.vh
llvm.hexagon.S2.asl.i.vw
llvm.hexagon.S2.asl.r.p
llvm.hexagon.S2.asl.r.p.acc
llvm.hexagon.S2.asl.r.p.and
llvm.hexagon.S2.asl.r.p.nac
llvm.hexagon.S2.asl.r.p.or
llvm.hexagon.S2.asl.r.p.xor
llvm.hexagon.S2.asl.r.r
llvm.hexagon.S2.asl.r.r.acc
llvm.hexagon.S2.asl.r.r.and
llvm.hexagon.S2.asl.r.r.nac
llvm.hexagon.S2.asl.r.r.or
llvm.hexagon.S2.asl.r.r.sat
llvm.hexagon.S2.asl.r.vh
llvm.hexagon.S2.asl.r.vw
llvm.hexagon.S2.asr.i.p
llvm.hexagon.S2.asr.i.p.acc
llvm.hexagon.S2.asr.i.p.and
llvm.hexagon.S2.asr.i.p.nac
llvm.hexagon.S2.asr.i.p.or
llvm.hexagon.S2.asr.i.p.rnd
llvm.hexagon.S2.asr.i.p.rnd.goodsyntax
llvm.hexagon.S2.asr.i.r
llvm.hexagon.S2.asr.i.r.acc
llvm.hexagon.S2.asr.i.r.and
llvm.hexagon.S2.asr.i.r.nac
llvm.hexagon.S2.asr.i.r.or
llvm.hexagon.S2.asr.i.r.rnd
llvm.hexagon.S2.asr.i.r.rnd.goodsyntax
llvm.hexagon.S2.asr.i.svw.trun
llvm.hexagon.S2.asr.i.vh
llvm.hexagon.S2.asr.i.vw
llvm.hexagon.S2.asr.r.p
llvm.hexagon.S2.asr.r.p.acc
llvm.hexagon.S2.asr.r.p.and
llvm.hexagon.S2.asr.r.p.nac
llvm.hexagon.S2.asr.r.p.or
llvm.hexagon.S2.asr.r.p.xor
llvm.hexagon.S2.asr.r.r
llvm.hexagon.S2.asr.r.r.acc
llvm.hexagon.S2.asr.r.r.and
llvm.hexagon.S2.asr.r.r.nac
llvm.hexagon.S2.asr.r.r.or
llvm.hexagon.S2.asr.r.r.sat
llvm.hexagon.S2.asr.r.svw.trun
llvm.hexagon.S2.asr.r.vh
llvm.hexagon.S2.asr.r.vw
llvm.hexagon.S2.brev
llvm.hexagon.S2.brevp
llvm.hexagon.S2.cl0
llvm.hexagon.S2.cl0p
llvm.hexagon.S2.cl1
llvm.hexagon.S2.cl1p
llvm.hexagon.S2.clb
llvm.hexagon.S2.clbnorm
llvm.hexagon.S2.clbp
llvm.hexagon.S2.clrbit.i
llvm.hexagon.S2.clrbit.r
llvm.hexagon.S2.ct0
llvm.hexagon.S2.ct0p
llvm.hexagon.S2.ct1
llvm.hexagon.S2.ct1p
llvm.hexagon.S2.deinterleave
llvm.hexagon.S2.extractu
llvm.hexagon.S2.extractu.rp
llvm.hexagon.S2.extractup
llvm.hexagon.S2.extractup.rp
llvm.hexagon.S2.insert
llvm.hexagon.S2.insert.rp
llvm.hexagon.S2.insertp
llvm.hexagon.S2.insertp.rp
llvm.hexagon.S2.interleave
llvm.hexagon.S2.lfsp
llvm.hexagon.S2.lsl.r.p
llvm.hexagon.S2.lsl.r.p.acc
llvm.hexagon.S2.lsl.r.p.and
llvm.hexagon.S2.lsl.r.p.nac
llvm.hexagon.S2.lsl.r.p.or
llvm.hexagon.S2.lsl.r.p.xor
llvm.hexagon.S2.lsl.r.r
llvm.hexagon.S2.lsl.r.r.acc
llvm.hexagon.S2.lsl.r.r.and
llvm.hexagon.S2.lsl.r.r.nac
llvm.hexagon.S2.lsl.r.r.or
llvm.hexagon.S2.lsl.r.vh
llvm.hexagon.S2.lsl.r.vw
llvm.hexagon.S2.lsr.i.p
llvm.hexagon.S2.lsr.i.p.acc
llvm.hexagon.S2.lsr.i.p.and
llvm.hexagon.S2.lsr.i.p.nac
llvm.hexagon.S2.lsr.i.p.or
llvm.hexagon.S2.lsr.i.p.xacc
llvm.hexagon.S2.lsr.i.r
llvm.hexagon.S2.lsr.i.r.acc
llvm.hexagon.S2.lsr.i.r.and
llvm.hexagon.S2.lsr.i.r.nac
llvm.hexagon.S2.lsr.i.r.or
llvm.hexagon.S2.lsr.i.r.xacc
llvm.hexagon.S2.lsr.i.vh
llvm.hexagon.S2.lsr.i.vw
llvm.hexagon.S2.lsr.r.p
llvm.hexagon.S2.lsr.r.p.acc
llvm.hexagon.S2.lsr.r.p.and
llvm.hexagon.S2.lsr.r.p.nac
llvm.hexagon.S2.lsr.r.p.or
llvm.hexagon.S2.lsr.r.p.xor
llvm.hexagon.S2.lsr.r.r
llvm.hexagon.S2.lsr.r.r.acc
llvm.hexagon.S2.lsr.r.r.and
llvm.hexagon.S2.lsr.r.r.nac
llvm.hexagon.S2.lsr.r.r.or
llvm.hexagon.S2.lsr.r.vh
llvm.hexagon.S2.lsr.r.vw
llvm.hexagon.S2.mask
llvm.hexagon.S2.packhl
llvm.hexagon.S2.parityp
llvm.hexagon.S2.setbit.i
llvm.hexagon.S2.setbit.r
llvm.hexagon.S2.shuffeb
llvm.hexagon.S2.shuffeh
llvm.hexagon.S2.shuffob
llvm.hexagon.S2.shuffoh
llvm.hexagon.S2.storerb.pbr
llvm.hexagon.S2.storerb.pci
llvm.hexagon.S2.storerb.pcr
llvm.hexagon.S2.storerd.pbr
llvm.hexagon.S2.storerd.pci
llvm.hexagon.S2.storerd.pcr
llvm.hexagon.S2.storerf.pbr
llvm.hexagon.S2.storerf.pci
llvm.hexagon.S2.storerf.pcr
llvm.hexagon.S2.storerh.pbr
llvm.hexagon.S2.storerh.pci
llvm.hexagon.S2.storerh.pcr
llvm.hexagon.S2.storeri.pbr
llvm.hexagon.S2.storeri.pci
llvm.hexagon.S2.storeri.pcr
llvm.hexagon.S2.storew.locked
llvm.hexagon.S2.svsathb
llvm.hexagon.S2.svsathub
llvm.hexagon.S2.tableidxb.goodsyntax
llvm.hexagon.S2.tableidxd.goodsyntax
llvm.hexagon.S2.tableidxh.goodsyntax
llvm.hexagon.S2.tableidxw.goodsyntax
llvm.hexagon.S2.togglebit.i
llvm.hexagon.S2.togglebit.r
llvm.hexagon.S2.tstbit.i
llvm.hexagon.S2.tstbit.r
llvm.hexagon.S2.valignib
llvm.hexagon.S2.valignrb
llvm.hexagon.S2.vcnegh
llvm.hexagon.S2.vcrotate
llvm.hexagon.S2.vrcnegh
llvm.hexagon.S2.vrndpackwh
llvm.hexagon.S2.vrndpackwhs
llvm.hexagon.S2.vsathb
llvm.hexagon.S2.vsathb.nopack
llvm.hexagon.S2.vsathub
llvm.hexagon.S2.vsathub.nopack
llvm.hexagon.S2.vsatwh
llvm.hexagon.S2.vsatwh.nopack
llvm.hexagon.S2.vsatwuh
llvm.hexagon.S2.vsatwuh.nopack
llvm.hexagon.S2.vsplatrb
llvm.hexagon.S2.vsplatrh
llvm.hexagon.S2.vspliceib
llvm.hexagon.S2.vsplicerb
llvm.hexagon.S2.vsxtbh
llvm.hexagon.S2.vsxthw
llvm.hexagon.S2.vtrunehb
llvm.hexagon.S2.vtrunewh
llvm.hexagon.S2.vtrunohb
llvm.hexagon.S2.vtrunowh
llvm.hexagon.S2.vzxtbh
llvm.hexagon.S2.vzxthw
llvm.hexagon.S4.addaddi
llvm.hexagon.S4.addi.asl.ri
llvm.hexagon.S4.addi.lsr.ri
llvm.hexagon.S4.andi.asl.ri
llvm.hexagon.S4.andi.lsr.ri
llvm.hexagon.S4.clbaddi
llvm.hexagon.S4.clbpaddi
llvm.hexagon.S4.clbpnorm
llvm.hexagon.S4.extract
llvm.hexagon.S4.extract.rp
llvm.hexagon.S4.extractp
llvm.hexagon.S4.extractp.rp
llvm.hexagon.S4.lsli
llvm.hexagon.S4.ntstbit.i
llvm.hexagon.S4.ntstbit.r
llvm.hexagon.S4.or.andi
llvm.hexagon.S4.or.andix
llvm.hexagon.S4.or.ori
llvm.hexagon.S4.ori.asl.ri
llvm.hexagon.S4.ori.lsr.ri
llvm.hexagon.S4.parity
llvm.hexagon.S4.stored.locked
llvm.hexagon.S4.subaddi
llvm.hexagon.S4.subi.asl.ri
llvm.hexagon.S4.subi.lsr.ri
llvm.hexagon.S4.vrcrotate
llvm.hexagon.S4.vrcrotate.acc
llvm.hexagon.S4.vxaddsubh
llvm.hexagon.S4.vxaddsubhr
llvm.hexagon.S4.vxaddsubw
llvm.hexagon.S4.vxsubaddh
llvm.hexagon.S4.vxsubaddhr
llvm.hexagon.S4.vxsubaddw
llvm.hexagon.S5.asrhub.rnd.sat.goodsyntax
llvm.hexagon.S5.asrhub.sat
llvm.hexagon.S5.popcountp
llvm.hexagon.S5.vasrhrnd.goodsyntax
llvm.hexagon.S6.rol.i.p
llvm.hexagon.S6.rol.i.p.acc
llvm.hexagon.S6.rol.i.p.and
llvm.hexagon.S6.rol.i.p.nac
llvm.hexagon.S6.rol.i.p.or
llvm.hexagon.S6.rol.i.p.xacc
llvm.hexagon.S6.rol.i.r
llvm.hexagon.S6.rol.i.r.acc
llvm.hexagon.S6.rol.i.r.and
llvm.hexagon.S6.rol.i.r.nac
llvm.hexagon.S6.rol.i.r.or
llvm.hexagon.S6.rol.i.r.xacc
llvm.hexagon.S6.vsplatrbp
llvm.hexagon.S6.vtrunehb.ppp
llvm.hexagon.S6.vtrunohb.ppp
llvm.hexagon.V6.extractw
llvm.hexagon.V6.extractw.128B
llvm.hexagon.V6.hi
llvm.hexagon.V6.hi.128B
llvm.hexagon.V6.ld0
llvm.hexagon.V6.ld0.128B
llvm.hexagon.V6.ldcnp0
llvm.hexagon.V6.ldcnp0.128B
llvm.hexagon.V6.ldcnpnt0
llvm.hexagon.V6.ldcnpnt0.128B
llvm.hexagon.V6.ldcp0
llvm.hexagon.V6.ldcp0.128B
llvm.hexagon.V6.ldcpnt0
llvm.hexagon.V6.ldcpnt0.128B
llvm.hexagon.V6.ldnp0
llvm.hexagon.V6.ldnp0.128B
llvm.hexagon.V6.ldnpnt0
llvm.hexagon.V6.ldnpnt0.128B
llvm.hexagon.V6.ldnt0
llvm.hexagon.V6.ldnt0.128B
llvm.hexagon.V6.ldntnt0
llvm.hexagon.V6.ldp0
llvm.hexagon.V6.ldp0.128B
llvm.hexagon.V6.ldpnt0
llvm.hexagon.V6.ldpnt0.128B
llvm.hexagon.V6.ldtnp0
llvm.hexagon.V6.ldtnp0.128B
llvm.hexagon.V6.ldtnpnt0
llvm.hexagon.V6.ldtnpnt0.128B
llvm.hexagon.V6.ldtp0
llvm.hexagon.V6.ldtp0.128B
llvm.hexagon.V6.ldtpnt0
llvm.hexagon.V6.ldtpnt0.128B
llvm.hexagon.V6.ldu0
llvm.hexagon.V6.ldu0.128B
llvm.hexagon.V6.lo
llvm.hexagon.V6.lo.128B
llvm.hexagon.V6.lvsplatb
llvm.hexagon.V6.lvsplatb.128B
llvm.hexagon.V6.lvsplath
llvm.hexagon.V6.lvsplath.128B
llvm.hexagon.V6.lvsplatw
llvm.hexagon.V6.lvsplatw.128B
llvm.hexagon.V6.pred.and
llvm.hexagon.V6.pred.and.128B
llvm.hexagon.V6.pred.and.n
llvm.hexagon.V6.pred.and.n.128B
llvm.hexagon.V6.pred.not
llvm.hexagon.V6.pred.not.128B
llvm.hexagon.V6.pred.or
llvm.hexagon.V6.pred.or.128B
llvm.hexagon.V6.pred.or.n
llvm.hexagon.V6.pred.or.n.128B
llvm.hexagon.V6.pred.scalar2
llvm.hexagon.V6.pred.scalar2.128B
llvm.hexagon.V6.pred.scalar2v2
llvm.hexagon.V6.pred.scalar2v2.128B
llvm.hexagon.V6.pred.xor
llvm.hexagon.V6.pred.xor.128B
llvm.hexagon.V6.shuffeqh
llvm.hexagon.V6.shuffeqh.128B
llvm.hexagon.V6.shuffeqw
llvm.hexagon.V6.shuffeqw.128B
llvm.hexagon.V6.vS32b.nqpred.ai
llvm.hexagon.V6.vS32b.nqpred.ai.128B
llvm.hexagon.V6.vS32b.nt.nqpred.ai
llvm.hexagon.V6.vS32b.nt.nqpred.ai.128B
llvm.hexagon.V6.vS32b.nt.qpred.ai
llvm.hexagon.V6.vS32b.nt.qpred.ai.128B
llvm.hexagon.V6.vS32b.qpred.ai
llvm.hexagon.V6.vS32b.qpred.ai.128B
llvm.hexagon.V6.vabsb
llvm.hexagon.V6.vabsb.128B
llvm.hexagon.V6.vabsb.sat
llvm.hexagon.V6.vabsb.sat.128B
llvm.hexagon.V6.vabsdiffh
llvm.hexagon.V6.vabsdiffh.128B
llvm.hexagon.V6.vabsdiffub
llvm.hexagon.V6.vabsdiffub.128B
llvm.hexagon.V6.vabsdiffuh
llvm.hexagon.V6.vabsdiffuh.128B
llvm.hexagon.V6.vabsdiffw
llvm.hexagon.V6.vabsdiffw.128B
llvm.hexagon.V6.vabsh
llvm.hexagon.V6.vabsh.128B
llvm.hexagon.V6.vabsh.sat
llvm.hexagon.V6.vabsh.sat.128B
llvm.hexagon.V6.vabsw
llvm.hexagon.V6.vabsw.128B
llvm.hexagon.V6.vabsw.sat
llvm.hexagon.V6.vabsw.sat.128B
llvm.hexagon.V6.vaddb
llvm.hexagon.V6.vaddb.128B
llvm.hexagon.V6.vaddb.dv
llvm.hexagon.V6.vaddb.dv.128B
llvm.hexagon.V6.vaddbnq
llvm.hexagon.V6.vaddbnq.128B
llvm.hexagon.V6.vaddbq
llvm.hexagon.V6.vaddbq.128B
llvm.hexagon.V6.vaddbsat
llvm.hexagon.V6.vaddbsat.128B
llvm.hexagon.V6.vaddbsat.dv
llvm.hexagon.V6.vaddbsat.dv.128B
llvm.hexagon.V6.vaddcarry
llvm.hexagon.V6.vaddcarry.128B
llvm.hexagon.V6.vaddcarrysat
llvm.hexagon.V6.vaddcarrysat.128B
llvm.hexagon.V6.vaddclbh
llvm.hexagon.V6.vaddclbh.128B
llvm.hexagon.V6.vaddclbw
llvm.hexagon.V6.vaddclbw.128B
llvm.hexagon.V6.vaddh
llvm.hexagon.V6.vaddh.128B
llvm.hexagon.V6.vaddh.dv
llvm.hexagon.V6.vaddh.dv.128B
llvm.hexagon.V6.vaddhnq
llvm.hexagon.V6.vaddhnq.128B
llvm.hexagon.V6.vaddhq
llvm.hexagon.V6.vaddhq.128B
llvm.hexagon.V6.vaddhsat
llvm.hexagon.V6.vaddhsat.128B
llvm.hexagon.V6.vaddhsat.dv
llvm.hexagon.V6.vaddhsat.dv.128B
llvm.hexagon.V6.vaddhw
llvm.hexagon.V6.vaddhw.128B
llvm.hexagon.V6.vaddhw.acc
llvm.hexagon.V6.vaddhw.acc.128B
llvm.hexagon.V6.vaddubh
llvm.hexagon.V6.vaddubh.128B
llvm.hexagon.V6.vaddubh.acc
llvm.hexagon.V6.vaddubh.acc.128B
llvm.hexagon.V6.vaddubsat
llvm.hexagon.V6.vaddubsat.128B
llvm.hexagon.V6.vaddubsat.dv
llvm.hexagon.V6.vaddubsat.dv.128B
llvm.hexagon.V6.vaddububb.sat
llvm.hexagon.V6.vaddububb.sat.128B
llvm.hexagon.V6.vadduhsat
llvm.hexagon.V6.vadduhsat.128B
llvm.hexagon.V6.vadduhsat.dv
llvm.hexagon.V6.vadduhsat.dv.128B
llvm.hexagon.V6.vadduhw
llvm.hexagon.V6.vadduhw.128B
llvm.hexagon.V6.vadduhw.acc
llvm.hexagon.V6.vadduhw.acc.128B
llvm.hexagon.V6.vadduwsat
llvm.hexagon.V6.vadduwsat.128B
llvm.hexagon.V6.vadduwsat.dv
llvm.hexagon.V6.vadduwsat.dv.128B
llvm.hexagon.V6.vaddw
llvm.hexagon.V6.vaddw.128B
llvm.hexagon.V6.vaddw.dv
llvm.hexagon.V6.vaddw.dv.128B
llvm.hexagon.V6.vaddwnq
llvm.hexagon.V6.vaddwnq.128B
llvm.hexagon.V6.vaddwq
llvm.hexagon.V6.vaddwq.128B
llvm.hexagon.V6.vaddwsat
llvm.hexagon.V6.vaddwsat.128B
llvm.hexagon.V6.vaddwsat.dv
llvm.hexagon.V6.vaddwsat.dv.128B
llvm.hexagon.V6.valignb
llvm.hexagon.V6.valignb.128B
llvm.hexagon.V6.valignbi
llvm.hexagon.V6.valignbi.128B
llvm.hexagon.V6.vand
llvm.hexagon.V6.vand.128B
llvm.hexagon.V6.vandnqrt
llvm.hexagon.V6.vandnqrt.128B
llvm.hexagon.V6.vandnqrt.acc
llvm.hexagon.V6.vandnqrt.acc.128B
llvm.hexagon.V6.vandqrt
llvm.hexagon.V6.vandqrt.128B
llvm.hexagon.V6.vandqrt.acc
llvm.hexagon.V6.vandqrt.acc.128B
llvm.hexagon.V6.vandvnqv
llvm.hexagon.V6.vandvnqv.128B
llvm.hexagon.V6.vandvqv
llvm.hexagon.V6.vandvqv.128B
llvm.hexagon.V6.vandvrt
llvm.hexagon.V6.vandvrt.128B
llvm.hexagon.V6.vandvrt.acc
llvm.hexagon.V6.vandvrt.acc.128B
llvm.hexagon.V6.vaslh
llvm.hexagon.V6.vaslh.128B
llvm.hexagon.V6.vaslh.acc
llvm.hexagon.V6.vaslh.acc.128B
llvm.hexagon.V6.vaslhv
llvm.hexagon.V6.vaslhv.128B
llvm.hexagon.V6.vaslw
llvm.hexagon.V6.vaslw.128B
llvm.hexagon.V6.vaslw.acc
llvm.hexagon.V6.vaslw.acc.128B
llvm.hexagon.V6.vaslwv
llvm.hexagon.V6.vaslwv.128B
llvm.hexagon.V6.vasr.into
llvm.hexagon.V6.vasr.into.128B
llvm.hexagon.V6.vasrh
llvm.hexagon.V6.vasrh.128B
llvm.hexagon.V6.vasrh.acc
llvm.hexagon.V6.vasrh.acc.128B
llvm.hexagon.V6.vasrhbrndsat
llvm.hexagon.V6.vasrhbrndsat.128B
llvm.hexagon.V6.vasrhbsat
llvm.hexagon.V6.vasrhbsat.128B
llvm.hexagon.V6.vasrhubrndsat
llvm.hexagon.V6.vasrhubrndsat.128B
llvm.hexagon.V6.vasrhubsat
llvm.hexagon.V6.vasrhubsat.128B
llvm.hexagon.V6.vasrhv
llvm.hexagon.V6.vasrhv.128B
llvm.hexagon.V6.vasruhubrndsat
llvm.hexagon.V6.vasruhubrndsat.128B
llvm.hexagon.V6.vasruhubsat
llvm.hexagon.V6.vasruhubsat.128B
llvm.hexagon.V6.vasruwuhrndsat
llvm.hexagon.V6.vasruwuhrndsat.128B
llvm.hexagon.V6.vasruwuhsat
llvm.hexagon.V6.vasruwuhsat.128B
llvm.hexagon.V6.vasrw
llvm.hexagon.V6.vasrw.128B
llvm.hexagon.V6.vasrw.acc
llvm.hexagon.V6.vasrw.acc.128B
llvm.hexagon.V6.vasrwh
llvm.hexagon.V6.vasrwh.128B
llvm.hexagon.V6.vasrwhrndsat
llvm.hexagon.V6.vasrwhrndsat.128B
llvm.hexagon.V6.vasrwhsat
llvm.hexagon.V6.vasrwhsat.128B
llvm.hexagon.V6.vasrwuhrndsat
llvm.hexagon.V6.vasrwuhrndsat.128B
llvm.hexagon.V6.vasrwuhsat
llvm.hexagon.V6.vasrwuhsat.128B
llvm.hexagon.V6.vasrwv
llvm.hexagon.V6.vasrwv.128B
llvm.hexagon.V6.vassign
llvm.hexagon.V6.vassign.128B
llvm.hexagon.V6.vassignp
llvm.hexagon.V6.vassignp.128B
llvm.hexagon.V6.vavgb
llvm.hexagon.V6.vavgb.128B
llvm.hexagon.V6.vavgbrnd
llvm.hexagon.V6.vavgbrnd.128B
llvm.hexagon.V6.vavgh
llvm.hexagon.V6.vavgh.128B
llvm.hexagon.V6.vavghrnd
llvm.hexagon.V6.vavghrnd.128B
llvm.hexagon.V6.vavgub
llvm.hexagon.V6.vavgub.128B
llvm.hexagon.V6.vavgubrnd
llvm.hexagon.V6.vavgubrnd.128B
llvm.hexagon.V6.vavguh
llvm.hexagon.V6.vavguh.128B
llvm.hexagon.V6.vavguhrnd
llvm.hexagon.V6.vavguhrnd.128B
llvm.hexagon.V6.vavguw
llvm.hexagon.V6.vavguw.128B
llvm.hexagon.V6.vavguwrnd
llvm.hexagon.V6.vavguwrnd.128B
llvm.hexagon.V6.vavgw
llvm.hexagon.V6.vavgw.128B
llvm.hexagon.V6.vavgwrnd
llvm.hexagon.V6.vavgwrnd.128B
llvm.hexagon.V6.vcl0h
llvm.hexagon.V6.vcl0h.128B
llvm.hexagon.V6.vcl0w
llvm.hexagon.V6.vcl0w.128B
llvm.hexagon.V6.vcombine
llvm.hexagon.V6.vcombine.128B
llvm.hexagon.V6.vd0
llvm.hexagon.V6.vd0.128B
llvm.hexagon.V6.vdd0
llvm.hexagon.V6.vdd0.128B
llvm.hexagon.V6.vdealb
llvm.hexagon.V6.vdealb.128B
llvm.hexagon.V6.vdealb4w
llvm.hexagon.V6.vdealb4w.128B
llvm.hexagon.V6.vdealh
llvm.hexagon.V6.vdealh.128B
llvm.hexagon.V6.vdealvdd
llvm.hexagon.V6.vdealvdd.128B
llvm.hexagon.V6.vdelta
llvm.hexagon.V6.vdelta.128B
llvm.hexagon.V6.vdmpybus
llvm.hexagon.V6.vdmpybus.128B
llvm.hexagon.V6.vdmpybus.acc
llvm.hexagon.V6.vdmpybus.acc.128B
llvm.hexagon.V6.vdmpybus.dv
llvm.hexagon.V6.vdmpybus.dv.128B
llvm.hexagon.V6.vdmpybus.dv.acc
llvm.hexagon.V6.vdmpybus.dv.acc.128B
llvm.hexagon.V6.vdmpyhb
llvm.hexagon.V6.vdmpyhb.128B
llvm.hexagon.V6.vdmpyhb.acc
llvm.hexagon.V6.vdmpyhb.acc.128B
llvm.hexagon.V6.vdmpyhb.dv
llvm.hexagon.V6.vdmpyhb.dv.128B
llvm.hexagon.V6.vdmpyhb.dv.acc
llvm.hexagon.V6.vdmpyhb.dv.acc.128B
llvm.hexagon.V6.vdmpyhisat
llvm.hexagon.V6.vdmpyhisat.128B
llvm.hexagon.V6.vdmpyhisat.acc
llvm.hexagon.V6.vdmpyhisat.acc.128B
llvm.hexagon.V6.vdmpyhsat
llvm.hexagon.V6.vdmpyhsat.128B
llvm.hexagon.V6.vdmpyhsat.acc
llvm.hexagon.V6.vdmpyhsat.acc.128B
llvm.hexagon.V6.vdmpyhsuisat
llvm.hexagon.V6.vdmpyhsuisat.128B
llvm.hexagon.V6.vdmpyhsuisat.acc
llvm.hexagon.V6.vdmpyhsuisat.acc.128B
llvm.hexagon.V6.vdmpyhsusat
llvm.hexagon.V6.vdmpyhsusat.128B
llvm.hexagon.V6.vdmpyhsusat.acc
llvm.hexagon.V6.vdmpyhsusat.acc.128B
llvm.hexagon.V6.vdmpyhvsat
llvm.hexagon.V6.vdmpyhvsat.128B
llvm.hexagon.V6.vdmpyhvsat.acc
llvm.hexagon.V6.vdmpyhvsat.acc.128B
llvm.hexagon.V6.vdsaduh
llvm.hexagon.V6.vdsaduh.128B
llvm.hexagon.V6.vdsaduh.acc
llvm.hexagon.V6.vdsaduh.acc.128B
llvm.hexagon.V6.veqb
llvm.hexagon.V6.veqb.128B
llvm.hexagon.V6.veqb.and
llvm.hexagon.V6.veqb.and.128B
llvm.hexagon.V6.veqb.or
llvm.hexagon.V6.veqb.or.128B
llvm.hexagon.V6.veqb.xor
llvm.hexagon.V6.veqb.xor.128B
llvm.hexagon.V6.veqh
llvm.hexagon.V6.veqh.128B
llvm.hexagon.V6.veqh.and
llvm.hexagon.V6.veqh.and.128B
llvm.hexagon.V6.veqh.or
llvm.hexagon.V6.veqh.or.128B
llvm.hexagon.V6.veqh.xor
llvm.hexagon.V6.veqh.xor.128B
llvm.hexagon.V6.veqw
llvm.hexagon.V6.veqw.128B
llvm.hexagon.V6.veqw.and
llvm.hexagon.V6.veqw.and.128B
llvm.hexagon.V6.veqw.or
llvm.hexagon.V6.veqw.or.128B
llvm.hexagon.V6.veqw.xor
llvm.hexagon.V6.veqw.xor.128B
llvm.hexagon.V6.vgathermh
llvm.hexagon.V6.vgathermh.128B
llvm.hexagon.V6.vgathermhq
llvm.hexagon.V6.vgathermhq.128B
llvm.hexagon.V6.vgathermhw
llvm.hexagon.V6.vgathermhw.128B
llvm.hexagon.V6.vgathermhwq
llvm.hexagon.V6.vgathermhwq.128B
llvm.hexagon.V6.vgathermw
llvm.hexagon.V6.vgathermw.128B
llvm.hexagon.V6.vgathermwq
llvm.hexagon.V6.vgathermwq.128B
llvm.hexagon.V6.vgtb
llvm.hexagon.V6.vgtb.128B
llvm.hexagon.V6.vgtb.and
llvm.hexagon.V6.vgtb.and.128B
llvm.hexagon.V6.vgtb.or
llvm.hexagon.V6.vgtb.or.128B
llvm.hexagon.V6.vgtb.xor
llvm.hexagon.V6.vgtb.xor.128B
llvm.hexagon.V6.vgth
llvm.hexagon.V6.vgth.128B
llvm.hexagon.V6.vgth.and
llvm.hexagon.V6.vgth.and.128B
llvm.hexagon.V6.vgth.or
llvm.hexagon.V6.vgth.or.128B
llvm.hexagon.V6.vgth.xor
llvm.hexagon.V6.vgth.xor.128B
llvm.hexagon.V6.vgtub
llvm.hexagon.V6.vgtub.128B
llvm.hexagon.V6.vgtub.and
llvm.hexagon.V6.vgtub.and.128B
llvm.hexagon.V6.vgtub.or
llvm.hexagon.V6.vgtub.or.128B
llvm.hexagon.V6.vgtub.xor
llvm.hexagon.V6.vgtub.xor.128B
llvm.hexagon.V6.vgtuh
llvm.hexagon.V6.vgtuh.128B
llvm.hexagon.V6.vgtuh.and
llvm.hexagon.V6.vgtuh.and.128B
llvm.hexagon.V6.vgtuh.or
llvm.hexagon.V6.vgtuh.or.128B
llvm.hexagon.V6.vgtuh.xor
llvm.hexagon.V6.vgtuh.xor.128B
llvm.hexagon.V6.vgtuw
llvm.hexagon.V6.vgtuw.128B
llvm.hexagon.V6.vgtuw.and
llvm.hexagon.V6.vgtuw.and.128B
llvm.hexagon.V6.vgtuw.or
llvm.hexagon.V6.vgtuw.or.128B
llvm.hexagon.V6.vgtuw.xor
llvm.hexagon.V6.vgtuw.xor.128B
llvm.hexagon.V6.vgtw
llvm.hexagon.V6.vgtw.128B
llvm.hexagon.V6.vgtw.and
llvm.hexagon.V6.vgtw.and.128B
llvm.hexagon.V6.vgtw.or
llvm.hexagon.V6.vgtw.or.128B
llvm.hexagon.V6.vgtw.xor
llvm.hexagon.V6.vgtw.xor.128B
llvm.hexagon.V6.vinsertwr
llvm.hexagon.V6.vinsertwr.128B
llvm.hexagon.V6.vlalignb
llvm.hexagon.V6.vlalignb.128B
llvm.hexagon.V6.vlalignbi
llvm.hexagon.V6.vlalignbi.128B
llvm.hexagon.V6.vlsrb
llvm.hexagon.V6.vlsrb.128B
llvm.hexagon.V6.vlsrh
llvm.hexagon.V6.vlsrh.128B
llvm.hexagon.V6.vlsrhv
llvm.hexagon.V6.vlsrhv.128B
llvm.hexagon.V6.vlsrw
llvm.hexagon.V6.vlsrw.128B
llvm.hexagon.V6.vlsrwv
llvm.hexagon.V6.vlsrwv.128B
llvm.hexagon.V6.vlut4
llvm.hexagon.V6.vlut4.128B
llvm.hexagon.V6.vlutvvb
llvm.hexagon.V6.vlutvvb.128B
llvm.hexagon.V6.vlutvvb.nm
llvm.hexagon.V6.vlutvvb.nm.128B
llvm.hexagon.V6.vlutvvb.oracc
llvm.hexagon.V6.vlutvvb.oracc.128B
llvm.hexagon.V6.vlutvvb.oracci
llvm.hexagon.V6.vlutvvb.oracci.128B
llvm.hexagon.V6.vlutvvbi
llvm.hexagon.V6.vlutvvbi.128B
llvm.hexagon.V6.vlutvwh
llvm.hexagon.V6.vlutvwh.128B
llvm.hexagon.V6.vlutvwh.nm
llvm.hexagon.V6.vlutvwh.nm.128B
llvm.hexagon.V6.vlutvwh.oracc
llvm.hexagon.V6.vlutvwh.oracc.128B
llvm.hexagon.V6.vlutvwh.oracci
llvm.hexagon.V6.vlutvwh.oracci.128B
llvm.hexagon.V6.vlutvwhi
llvm.hexagon.V6.vlutvwhi.128B
llvm.hexagon.V6.vmaskedstorenq
llvm.hexagon.V6.vmaskedstorenq.128B
llvm.hexagon.V6.vmaskedstorentnq
llvm.hexagon.V6.vmaskedstorentnq.128B
llvm.hexagon.V6.vmaskedstorentq
llvm.hexagon.V6.vmaskedstorentq.128B
llvm.hexagon.V6.vmaskedstoreq
llvm.hexagon.V6.vmaskedstoreq.128B
llvm.hexagon.V6.vmaxb
llvm.hexagon.V6.vmaxb.128B
llvm.hexagon.V6.vmaxh
llvm.hexagon.V6.vmaxh.128B
llvm.hexagon.V6.vmaxub
llvm.hexagon.V6.vmaxub.128B
llvm.hexagon.V6.vmaxuh
llvm.hexagon.V6.vmaxuh.128B
llvm.hexagon.V6.vmaxw
llvm.hexagon.V6.vmaxw.128B
llvm.hexagon.V6.vminb
llvm.hexagon.V6.vminb.128B
llvm.hexagon.V6.vminh
llvm.hexagon.V6.vminh.128B
llvm.hexagon.V6.vminub
llvm.hexagon.V6.vminub.128B
llvm.hexagon.V6.vminuh
llvm.hexagon.V6.vminuh.128B
llvm.hexagon.V6.vminw
llvm.hexagon.V6.vminw.128B
llvm.hexagon.V6.vmpabus
llvm.hexagon.V6.vmpabus.128B
llvm.hexagon.V6.vmpabus.acc
llvm.hexagon.V6.vmpabus.acc.128B
llvm.hexagon.V6.vmpabusv
llvm.hexagon.V6.vmpabusv.128B
llvm.hexagon.V6.vmpabuu
llvm.hexagon.V6.vmpabuu.128B
llvm.hexagon.V6.vmpabuu.acc
llvm.hexagon.V6.vmpabuu.acc.128B
llvm.hexagon.V6.vmpabuuv
llvm.hexagon.V6.vmpabuuv.128B
llvm.hexagon.V6.vmpahb
llvm.hexagon.V6.vmpahb.128B
llvm.hexagon.V6.vmpahb.acc
llvm.hexagon.V6.vmpahb.acc.128B
llvm.hexagon.V6.vmpahhsat
llvm.hexagon.V6.vmpahhsat.128B
llvm.hexagon.V6.vmpauhb
llvm.hexagon.V6.vmpauhb.128B
llvm.hexagon.V6.vmpauhb.acc
llvm.hexagon.V6.vmpauhb.acc.128B
llvm.hexagon.V6.vmpauhuhsat
llvm.hexagon.V6.vmpauhuhsat.128B
llvm.hexagon.V6.vmpsuhuhsat
llvm.hexagon.V6.vmpsuhuhsat.128B
llvm.hexagon.V6.vmpybus
llvm.hexagon.V6.vmpybus.128B
llvm.hexagon.V6.vmpybus.acc
llvm.hexagon.V6.vmpybus.acc.128B
llvm.hexagon.V6.vmpybusv
llvm.hexagon.V6.vmpybusv.128B
llvm.hexagon.V6.vmpybusv.acc
llvm.hexagon.V6.vmpybusv.acc.128B
llvm.hexagon.V6.vmpybv
llvm.hexagon.V6.vmpybv.128B
llvm.hexagon.V6.vmpybv.acc
llvm.hexagon.V6.vmpybv.acc.128B
llvm.hexagon.V6.vmpyewuh
llvm.hexagon.V6.vmpyewuh.128B
llvm.hexagon.V6.vmpyewuh.64
llvm.hexagon.V6.vmpyewuh.64.128B
llvm.hexagon.V6.vmpyh
llvm.hexagon.V6.vmpyh.128B
llvm.hexagon.V6.vmpyh.acc
llvm.hexagon.V6.vmpyh.acc.128B
llvm.hexagon.V6.vmpyhsat.acc
llvm.hexagon.V6.vmpyhsat.acc.128B
llvm.hexagon.V6.vmpyhsrs
llvm.hexagon.V6.vmpyhsrs.128B
llvm.hexagon.V6.vmpyhss
llvm.hexagon.V6.vmpyhss.128B
llvm.hexagon.V6.vmpyhus
llvm.hexagon.V6.vmpyhus.128B
llvm.hexagon.V6.vmpyhus.acc
llvm.hexagon.V6.vmpyhus.acc.128B
llvm.hexagon.V6.vmpyhv
llvm.hexagon.V6.vmpyhv.128B
llvm.hexagon.V6.vmpyhv.acc
llvm.hexagon.V6.vmpyhv.acc.128B
llvm.hexagon.V6.vmpyhvsrs
llvm.hexagon.V6.vmpyhvsrs.128B
llvm.hexagon.V6.vmpyieoh
llvm.hexagon.V6.vmpyieoh.128B
llvm.hexagon.V6.vmpyiewh.acc
llvm.hexagon.V6.vmpyiewh.acc.128B
llvm.hexagon.V6.vmpyiewuh
llvm.hexagon.V6.vmpyiewuh.128B
llvm.hexagon.V6.vmpyiewuh.acc
llvm.hexagon.V6.vmpyiewuh.acc.128B
llvm.hexagon.V6.vmpyih
llvm.hexagon.V6.vmpyih.128B
llvm.hexagon.V6.vmpyih.acc
llvm.hexagon.V6.vmpyih.acc.128B
llvm.hexagon.V6.vmpyihb
llvm.hexagon.V6.vmpyihb.128B
llvm.hexagon.V6.vmpyihb.acc
llvm.hexagon.V6.vmpyihb.acc.128B
llvm.hexagon.V6.vmpyiowh
llvm.hexagon.V6.vmpyiowh.128B
llvm.hexagon.V6.vmpyiwb
llvm.hexagon.V6.vmpyiwb.128B
llvm.hexagon.V6.vmpyiwb.acc
llvm.hexagon.V6.vmpyiwb.acc.128B
llvm.hexagon.V6.vmpyiwh
llvm.hexagon.V6.vmpyiwh.128B
llvm.hexagon.V6.vmpyiwh.acc
llvm.hexagon.V6.vmpyiwh.acc.128B
llvm.hexagon.V6.vmpyiwub
llvm.hexagon.V6.vmpyiwub.128B
llvm.hexagon.V6.vmpyiwub.acc
llvm.hexagon.V6.vmpyiwub.acc.128B
llvm.hexagon.V6.vmpyowh
llvm.hexagon.V6.vmpyowh.128B
llvm.hexagon.V6.vmpyowh.64.acc
llvm.hexagon.V6.vmpyowh.64.acc.128B
llvm.hexagon.V6.vmpyowh.rnd
llvm.hexagon.V6.vmpyowh.rnd.128B
llvm.hexagon.V6.vmpyowh.rnd.sacc
llvm.hexagon.V6.vmpyowh.rnd.sacc.128B
llvm.hexagon.V6.vmpyowh.sacc
llvm.hexagon.V6.vmpyowh.sacc.128B
llvm.hexagon.V6.vmpyub
llvm.hexagon.V6.vmpyub.128B
llvm.hexagon.V6.vmpyub.acc
llvm.hexagon.V6.vmpyub.acc.128B
llvm.hexagon.V6.vmpyubv
llvm.hexagon.V6.vmpyubv.128B
llvm.hexagon.V6.vmpyubv.acc
llvm.hexagon.V6.vmpyubv.acc.128B
llvm.hexagon.V6.vmpyuh
llvm.hexagon.V6.vmpyuh.128B
llvm.hexagon.V6.vmpyuh.acc
llvm.hexagon.V6.vmpyuh.acc.128B
llvm.hexagon.V6.vmpyuhe
llvm.hexagon.V6.vmpyuhe.128B
llvm.hexagon.V6.vmpyuhe.acc
llvm.hexagon.V6.vmpyuhe.acc.128B
llvm.hexagon.V6.vmpyuhv
llvm.hexagon.V6.vmpyuhv.128B
llvm.hexagon.V6.vmpyuhv.acc
llvm.hexagon.V6.vmpyuhv.acc.128B
llvm.hexagon.V6.vmux
llvm.hexagon.V6.vmux.128B
llvm.hexagon.V6.vnavgb
llvm.hexagon.V6.vnavgb.128B
llvm.hexagon.V6.vnavgh
llvm.hexagon.V6.vnavgh.128B
llvm.hexagon.V6.vnavgub
llvm.hexagon.V6.vnavgub.128B
llvm.hexagon.V6.vnavgw
llvm.hexagon.V6.vnavgw.128B
llvm.hexagon.V6.vnormamth
llvm.hexagon.V6.vnormamth.128B
llvm.hexagon.V6.vnormamtw
llvm.hexagon.V6.vnormamtw.128B
llvm.hexagon.V6.vnot
llvm.hexagon.V6.vnot.128B
llvm.hexagon.V6.vor
llvm.hexagon.V6.vor.128B
llvm.hexagon.V6.vpackeb
llvm.hexagon.V6.vpackeb.128B
llvm.hexagon.V6.vpackeh
llvm.hexagon.V6.vpackeh.128B
llvm.hexagon.V6.vpackhb.sat
llvm.hexagon.V6.vpackhb.sat.128B
llvm.hexagon.V6.vpackhub.sat
llvm.hexagon.V6.vpackhub.sat.128B
llvm.hexagon.V6.vpackob
llvm.hexagon.V6.vpackob.128B
llvm.hexagon.V6.vpackoh
llvm.hexagon.V6.vpackoh.128B
llvm.hexagon.V6.vpackwh.sat
llvm.hexagon.V6.vpackwh.sat.128B
llvm.hexagon.V6.vpackwuh.sat
llvm.hexagon.V6.vpackwuh.sat.128B
llvm.hexagon.V6.vpopcounth
llvm.hexagon.V6.vpopcounth.128B
llvm.hexagon.V6.vprefixqb
llvm.hexagon.V6.vprefixqb.128B
llvm.hexagon.V6.vprefixqh
llvm.hexagon.V6.vprefixqh.128B
llvm.hexagon.V6.vprefixqw
llvm.hexagon.V6.vprefixqw.128B
llvm.hexagon.V6.vrdelta
llvm.hexagon.V6.vrdelta.128B
llvm.hexagon.V6.vrmpybub.rtt
llvm.hexagon.V6.vrmpybub.rtt.128B
llvm.hexagon.V6.vrmpybub.rtt.acc
llvm.hexagon.V6.vrmpybub.rtt.acc.128B
llvm.hexagon.V6.vrmpybus
llvm.hexagon.V6.vrmpybus.128B
llvm.hexagon.V6.vrmpybus.acc
llvm.hexagon.V6.vrmpybus.acc.128B
llvm.hexagon.V6.vrmpybusi
llvm.hexagon.V6.vrmpybusi.128B
llvm.hexagon.V6.vrmpybusi.acc
llvm.hexagon.V6.vrmpybusi.acc.128B
llvm.hexagon.V6.vrmpybusv
llvm.hexagon.V6.vrmpybusv.128B
llvm.hexagon.V6.vrmpybusv.acc
llvm.hexagon.V6.vrmpybusv.acc.128B
llvm.hexagon.V6.vrmpybv
llvm.hexagon.V6.vrmpybv.128B
llvm.hexagon.V6.vrmpybv.acc
llvm.hexagon.V6.vrmpybv.acc.128B
llvm.hexagon.V6.vrmpyub
llvm.hexagon.V6.vrmpyub.128B
llvm.hexagon.V6.vrmpyub.acc
llvm.hexagon.V6.vrmpyub.acc.128B
llvm.hexagon.V6.vrmpyub.rtt
llvm.hexagon.V6.vrmpyub.rtt.128B
llvm.hexagon.V6.vrmpyub.rtt.acc
llvm.hexagon.V6.vrmpyub.rtt.acc.128B
llvm.hexagon.V6.vrmpyubi
llvm.hexagon.V6.vrmpyubi.128B
llvm.hexagon.V6.vrmpyubi.acc
llvm.hexagon.V6.vrmpyubi.acc.128B
llvm.hexagon.V6.vrmpyubv
llvm.hexagon.V6.vrmpyubv.128B
llvm.hexagon.V6.vrmpyubv.acc
llvm.hexagon.V6.vrmpyubv.acc.128B
llvm.hexagon.V6.vror
llvm.hexagon.V6.vror.128B
llvm.hexagon.V6.vrotr
llvm.hexagon.V6.vrotr.128B
llvm.hexagon.V6.vroundhb
llvm.hexagon.V6.vroundhb.128B
llvm.hexagon.V6.vroundhub
llvm.hexagon.V6.vroundhub.128B
llvm.hexagon.V6.vrounduhub
llvm.hexagon.V6.vrounduhub.128B
llvm.hexagon.V6.vrounduwuh
llvm.hexagon.V6.vrounduwuh.128B
llvm.hexagon.V6.vroundwh
llvm.hexagon.V6.vroundwh.128B
llvm.hexagon.V6.vroundwuh
llvm.hexagon.V6.vroundwuh.128B
llvm.hexagon.V6.vrsadubi
llvm.hexagon.V6.vrsadubi.128B
llvm.hexagon.V6.vrsadubi.acc
llvm.hexagon.V6.vrsadubi.acc.128B
llvm.hexagon.V6.vsatdw
llvm.hexagon.V6.vsatdw.128B
llvm.hexagon.V6.vsathub
llvm.hexagon.V6.vsathub.128B
llvm.hexagon.V6.vsatuwuh
llvm.hexagon.V6.vsatuwuh.128B
llvm.hexagon.V6.vsatwh
llvm.hexagon.V6.vsatwh.128B
llvm.hexagon.V6.vsb
llvm.hexagon.V6.vsb.128B
llvm.hexagon.V6.vscattermh
llvm.hexagon.V6.vscattermh.128B
llvm.hexagon.V6.vscattermh.add
llvm.hexagon.V6.vscattermh.add.128B
llvm.hexagon.V6.vscattermhq
llvm.hexagon.V6.vscattermhq.128B
llvm.hexagon.V6.vscattermhw
llvm.hexagon.V6.vscattermhw.128B
llvm.hexagon.V6.vscattermhw.add
llvm.hexagon.V6.vscattermhw.add.128B
llvm.hexagon.V6.vscattermhwq
llvm.hexagon.V6.vscattermhwq.128B
llvm.hexagon.V6.vscattermw
llvm.hexagon.V6.vscattermw.128B
llvm.hexagon.V6.vscattermw.add
llvm.hexagon.V6.vscattermw.add.128B
llvm.hexagon.V6.vscattermwq
llvm.hexagon.V6.vscattermwq.128B
llvm.hexagon.V6.vsh
llvm.hexagon.V6.vsh.128B
llvm.hexagon.V6.vshufeh
llvm.hexagon.V6.vshufeh.128B
llvm.hexagon.V6.vshuffb
llvm.hexagon.V6.vshuffb.128B
llvm.hexagon.V6.vshuffeb
llvm.hexagon.V6.vshuffeb.128B
llvm.hexagon.V6.vshuffh
llvm.hexagon.V6.vshuffh.128B
llvm.hexagon.V6.vshuffob
llvm.hexagon.V6.vshuffob.128B
llvm.hexagon.V6.vshuffvdd
llvm.hexagon.V6.vshuffvdd.128B
llvm.hexagon.V6.vshufoeb
llvm.hexagon.V6.vshufoeb.128B
llvm.hexagon.V6.vshufoeh
llvm.hexagon.V6.vshufoeh.128B
llvm.hexagon.V6.vshufoh
llvm.hexagon.V6.vshufoh.128B
llvm.hexagon.V6.vsubb
llvm.hexagon.V6.vsubb.128B
llvm.hexagon.V6.vsubb.dv
llvm.hexagon.V6.vsubb.dv.128B
llvm.hexagon.V6.vsubbnq
llvm.hexagon.V6.vsubbnq.128B
llvm.hexagon.V6.vsubbq
llvm.hexagon.V6.vsubbq.128B
llvm.hexagon.V6.vsubbsat
llvm.hexagon.V6.vsubbsat.128B
llvm.hexagon.V6.vsubbsat.dv
llvm.hexagon.V6.vsubbsat.dv.128B
llvm.hexagon.V6.vsubcarry
llvm.hexagon.V6.vsubcarry.128B
llvm.hexagon.V6.vsubh
llvm.hexagon.V6.vsubh.128B
llvm.hexagon.V6.vsubh.dv
llvm.hexagon.V6.vsubh.dv.128B
llvm.hexagon.V6.vsubhnq
llvm.hexagon.V6.vsubhnq.128B
llvm.hexagon.V6.vsubhq
llvm.hexagon.V6.vsubhq.128B
llvm.hexagon.V6.vsubhsat
llvm.hexagon.V6.vsubhsat.128B
llvm.hexagon.V6.vsubhsat.dv
llvm.hexagon.V6.vsubhsat.dv.128B
llvm.hexagon.V6.vsubhw
llvm.hexagon.V6.vsubhw.128B
llvm.hexagon.V6.vsububh
llvm.hexagon.V6.vsububh.128B
llvm.hexagon.V6.vsububsat
llvm.hexagon.V6.vsububsat.128B
llvm.hexagon.V6.vsububsat.dv
llvm.hexagon.V6.vsububsat.dv.128B
llvm.hexagon.V6.vsubububb.sat
llvm.hexagon.V6.vsubububb.sat.128B
llvm.hexagon.V6.vsubuhsat
llvm.hexagon.V6.vsubuhsat.128B
llvm.hexagon.V6.vsubuhsat.dv
llvm.hexagon.V6.vsubuhsat.dv.128B
llvm.hexagon.V6.vsubuhw
llvm.hexagon.V6.vsubuhw.128B
llvm.hexagon.V6.vsubuwsat
llvm.hexagon.V6.vsubuwsat.128B
llvm.hexagon.V6.vsubuwsat.dv
llvm.hexagon.V6.vsubuwsat.dv.128B
llvm.hexagon.V6.vsubw
llvm.hexagon.V6.vsubw.128B
llvm.hexagon.V6.vsubw.dv
llvm.hexagon.V6.vsubw.dv.128B
llvm.hexagon.V6.vsubwnq
llvm.hexagon.V6.vsubwnq.128B
llvm.hexagon.V6.vsubwq
llvm.hexagon.V6.vsubwq.128B
llvm.hexagon.V6.vsubwsat
llvm.hexagon.V6.vsubwsat.128B
llvm.hexagon.V6.vsubwsat.dv
llvm.hexagon.V6.vsubwsat.dv.128B
llvm.hexagon.V6.vswap
llvm.hexagon.V6.vswap.128B
llvm.hexagon.V6.vtmpyb
llvm.hexagon.V6.vtmpyb.128B
llvm.hexagon.V6.vtmpyb.acc
llvm.hexagon.V6.vtmpyb.acc.128B
llvm.hexagon.V6.vtmpybus
llvm.hexagon.V6.vtmpybus.128B
llvm.hexagon.V6.vtmpybus.acc
llvm.hexagon.V6.vtmpybus.acc.128B
llvm.hexagon.V6.vtmpyhb
llvm.hexagon.V6.vtmpyhb.128B
llvm.hexagon.V6.vtmpyhb.acc
llvm.hexagon.V6.vtmpyhb.acc.128B
llvm.hexagon.V6.vtran2x2.map
llvm.hexagon.V6.vtran2x2.map.128B
llvm.hexagon.V6.vunpackb
llvm.hexagon.V6.vunpackb.128B
llvm.hexagon.V6.vunpackh
llvm.hexagon.V6.vunpackh.128B
llvm.hexagon.V6.vunpackob
llvm.hexagon.V6.vunpackob.128B
llvm.hexagon.V6.vunpackoh
llvm.hexagon.V6.vunpackoh.128B
llvm.hexagon.V6.vunpackub
llvm.hexagon.V6.vunpackub.128B
llvm.hexagon.V6.vunpackuh
llvm.hexagon.V6.vunpackuh.128B
llvm.hexagon.V6.vxor
llvm.hexagon.V6.vxor.128B
llvm.hexagon.V6.vzb
llvm.hexagon.V6.vzb.128B
llvm.hexagon.V6.vzh
llvm.hexagon.V6.vzh.128B
llvm.hexagon.Y2.dccleana
llvm.hexagon.Y2.dccleaninva
llvm.hexagon.Y2.dcinva
llvm.hexagon.Y2.dczeroa
llvm.hexagon.Y4.l2fetch
llvm.hexagon.Y5.l2fetch
llvm.hexagon.circ.ldb
llvm.hexagon.circ.ldd
llvm.hexagon.circ.ldh
llvm.hexagon.circ.ldub
llvm.hexagon.circ.lduh
llvm.hexagon.circ.ldw
llvm.hexagon.circ.stb
llvm.hexagon.circ.std
llvm.hexagon.circ.sth
llvm.hexagon.circ.sthhi
llvm.hexagon.circ.stw
llvm.hexagon.prefetch
llvm.hexagon.vmemcpy
llvm.hexagon.vmemset
