llvm.x86.3dnow.pavgusb
llvm.x86.3dnow.pf2id
llvm.x86.3dnow.pfacc
llvm.x86.3dnow.pfadd
llvm.x86.3dnow.pfcmpeq
llvm.x86.3dnow.pfcmpge
llvm.x86.3dnow.pfcmpgt
llvm.x86.3dnow.pfmax
llvm.x86.3dnow.pfmin
llvm.x86.3dnow.pfmul
llvm.x86.3dnow.pfrcp
llvm.x86.3dnow.pfrcpit1
llvm.x86.3dnow.pfrcpit2
llvm.x86.3dnow.pfrsqit1
llvm.x86.3dnow.pfrsqrt
llvm.x86.3dnow.pfsub
llvm.x86.3dnow.pfsubr
llvm.x86.3dnow.pi2fd
llvm.x86.3dnow.pmulhrw
llvm.x86.3dnowa.pf2iw
llvm.x86.3dnowa.pfnacc
llvm.x86.3dnowa.pfpnacc
llvm.x86.3dnowa.pi2fw
llvm.x86.3dnowa.pswapd
llvm.x86.addcarry.32
llvm.x86.addcarry.64
llvm.x86.aesni.aesdec
llvm.x86.aesni.aesdec.256
llvm.x86.aesni.aesdec.512
llvm.x86.aesni.aesdeclast
llvm.x86.aesni.aesdeclast.256
llvm.x86.aesni.aesdeclast.512
llvm.x86.aesni.aesenc
llvm.x86.aesni.aesenc.256
llvm.x86.aesni.aesenc.512
llvm.x86.aesni.aesenclast
llvm.x86.aesni.aesenclast.256
llvm.x86.aesni.aesenclast.512
llvm.x86.aesni.aesimc
llvm.x86.aesni.aeskeygenassist
llvm.x86.avx.addsub.pd.256
llvm.x86.avx.addsub.ps.256
llvm.x86.avx.blendv.pd.256
llvm.x86.avx.blendv.ps.256
llvm.x86.avx.cmp.pd.256
llvm.x86.avx.cmp.ps.256
llvm.x86.avx.cvt.pd2.ps.256
llvm.x86.avx.cvt.pd2dq.256
llvm.x86.avx.cvt.ps2dq.256
llvm.x86.avx.cvtt.pd2dq.256
llvm.x86.avx.cvtt.ps2dq.256
llvm.x86.avx.dp.ps.256
llvm.x86.avx.hadd.pd.256
llvm.x86.avx.hadd.ps.256
llvm.x86.avx.hsub.pd.256
llvm.x86.avx.hsub.ps.256
llvm.x86.avx.ldu.dq.256
llvm.x86.avx.maskload.pd
llvm.x86.avx.maskload.pd.256
llvm.x86.avx.maskload.ps
llvm.x86.avx.maskload.ps.256
llvm.x86.avx.maskstore.pd
llvm.x86.avx.maskstore.pd.256
llvm.x86.avx.maskstore.ps
llvm.x86.avx.maskstore.ps.256
llvm.x86.avx.max.pd.256
llvm.x86.avx.max.ps.256
llvm.x86.avx.min.pd.256
llvm.x86.avx.min.ps.256
llvm.x86.avx.movmsk.pd.256
llvm.x86.avx.movmsk.ps.256
llvm.x86.avx.ptestc.256
llvm.x86.avx.ptestnzc.256
llvm.x86.avx.ptestz.256
llvm.x86.avx.rcp.ps.256
llvm.x86.avx.round.pd.256
llvm.x86.avx.round.ps.256
llvm.x86.avx.rsqrt.ps.256
llvm.x86.avx.vpermilvar.pd
llvm.x86.avx.vpermilvar.pd.256
llvm.x86.avx.vpermilvar.ps
llvm.x86.avx.vpermilvar.ps.256
llvm.x86.avx.vtestc.pd
llvm.x86.avx.vtestc.pd.256
llvm.x86.avx.vtestc.ps
llvm.x86.avx.vtestc.ps.256
llvm.x86.avx.vtestnzc.pd
llvm.x86.avx.vtestnzc.pd.256
llvm.x86.avx.vtestnzc.ps
llvm.x86.avx.vtestnzc.ps.256
llvm.x86.avx.vtestz.pd
llvm.x86.avx.vtestz.pd.256
llvm.x86.avx.vtestz.ps
llvm.x86.avx.vtestz.ps.256
llvm.x86.avx.vzeroall
llvm.x86.avx.vzeroupper
llvm.x86.avx2.gather.d.d
llvm.x86.avx2.gather.d.d.256
llvm.x86.avx2.gather.d.pd
llvm.x86.avx2.gather.d.pd.256
llvm.x86.avx2.gather.d.ps
llvm.x86.avx2.gather.d.ps.256
llvm.x86.avx2.gather.d.q
llvm.x86.avx2.gather.d.q.256
llvm.x86.avx2.gather.q.d
llvm.x86.avx2.gather.q.d.256
llvm.x86.avx2.gather.q.pd
llvm.x86.avx2.gather.q.pd.256
llvm.x86.avx2.gather.q.ps
llvm.x86.avx2.gather.q.ps.256
llvm.x86.avx2.gather.q.q
llvm.x86.avx2.gather.q.q.256
llvm.x86.avx2.maskload.d
llvm.x86.avx2.maskload.d.256
llvm.x86.avx2.maskload.q
llvm.x86.avx2.maskload.q.256
llvm.x86.avx2.maskstore.d
llvm.x86.avx2.maskstore.d.256
llvm.x86.avx2.maskstore.q
llvm.x86.avx2.maskstore.q.256
llvm.x86.avx2.mpsadbw
llvm.x86.avx2.packssdw
llvm.x86.avx2.packsswb
llvm.x86.avx2.packusdw
llvm.x86.avx2.packuswb
llvm.x86.avx2.pblendvb
llvm.x86.avx2.permd
llvm.x86.avx2.permps
llvm.x86.avx2.phadd.d
llvm.x86.avx2.phadd.sw
llvm.x86.avx2.phadd.w
llvm.x86.avx2.phsub.d
llvm.x86.avx2.phsub.sw
llvm.x86.avx2.phsub.w
llvm.x86.avx2.pmadd.ub.sw
llvm.x86.avx2.pmadd.wd
llvm.x86.avx2.pmovmskb
llvm.x86.avx2.pmul.hr.sw
llvm.x86.avx2.pmulh.w
llvm.x86.avx2.pmulhu.w
llvm.x86.avx2.psad.bw
llvm.x86.avx2.pshuf.b
llvm.x86.avx2.psign.b
llvm.x86.avx2.psign.d
llvm.x86.avx2.psign.w
llvm.x86.avx2.psll.d
llvm.x86.avx2.psll.q
llvm.x86.avx2.psll.w
llvm.x86.avx2.pslli.d
llvm.x86.avx2.pslli.q
llvm.x86.avx2.pslli.w
llvm.x86.avx2.psllv.d
llvm.x86.avx2.psllv.d.256
llvm.x86.avx2.psllv.q
llvm.x86.avx2.psllv.q.256
llvm.x86.avx2.psra.d
llvm.x86.avx2.psra.w
llvm.x86.avx2.psrai.d
llvm.x86.avx2.psrai.w
llvm.x86.avx2.psrav.d
llvm.x86.avx2.psrav.d.256
llvm.x86.avx2.psrl.d
llvm.x86.avx2.psrl.q
llvm.x86.avx2.psrl.w
llvm.x86.avx2.psrli.d
llvm.x86.avx2.psrli.q
llvm.x86.avx2.psrli.w
llvm.x86.avx2.psrlv.d
llvm.x86.avx2.psrlv.d.256
llvm.x86.avx2.psrlv.q
llvm.x86.avx2.psrlv.q.256
llvm.x86.avx512.add.pd.512
llvm.x86.avx512.add.ps.512
llvm.x86.avx512.broadcastmb.128
llvm.x86.avx512.broadcastmb.256
llvm.x86.avx512.broadcastmb.512
llvm.x86.avx512.broadcastmw.128
llvm.x86.avx512.broadcastmw.256
llvm.x86.avx512.broadcastmw.512
llvm.x86.avx512.cmp.pd.128
llvm.x86.avx512.cmp.pd.256
llvm.x86.avx512.cmp.pd.512
llvm.x86.avx512.cmp.ps.128
llvm.x86.avx512.cmp.ps.256
llvm.x86.avx512.cmp.ps.512
llvm.x86.avx512.conflict.d.128
llvm.x86.avx512.conflict.d.256
llvm.x86.avx512.conflict.d.512
llvm.x86.avx512.conflict.q.128
llvm.x86.avx512.conflict.q.256
llvm.x86.avx512.conflict.q.512
llvm.x86.avx512.cvtsi2sd64
llvm.x86.avx512.cvtsi2ss32
llvm.x86.avx512.cvtsi2ss64
llvm.x86.avx512.cvttsd2si
llvm.x86.avx512.cvttsd2si64
llvm.x86.avx512.cvttsd2usi
llvm.x86.avx512.cvttsd2usi64
llvm.x86.avx512.cvttss2si
llvm.x86.avx512.cvttss2si64
llvm.x86.avx512.cvttss2usi
llvm.x86.avx512.cvttss2usi64
llvm.x86.avx512.cvtusi2ss
llvm.x86.avx512.cvtusi642sd
llvm.x86.avx512.cvtusi642ss
llvm.x86.avx512.dbpsadbw.128
llvm.x86.avx512.dbpsadbw.256
llvm.x86.avx512.dbpsadbw.512
llvm.x86.avx512.div.pd.512
llvm.x86.avx512.div.ps.512
llvm.x86.avx512.exp2.pd
llvm.x86.avx512.exp2.ps
llvm.x86.avx512.fpclass.pd.128
llvm.x86.avx512.fpclass.pd.256
llvm.x86.avx512.fpclass.pd.512
llvm.x86.avx512.fpclass.ps.128
llvm.x86.avx512.fpclass.ps.256
llvm.x86.avx512.fpclass.ps.512
llvm.x86.avx512.gather.dpd.512
llvm.x86.avx512.gather.dpi.512
llvm.x86.avx512.gather.dpq.512
llvm.x86.avx512.gather.dps.512
llvm.x86.avx512.gather.qpd.512
llvm.x86.avx512.gather.qpi.512
llvm.x86.avx512.gather.qpq.512
llvm.x86.avx512.gather.qps.512
llvm.x86.avx512.gather3div2.df
llvm.x86.avx512.gather3div2.di
llvm.x86.avx512.gather3div4.df
llvm.x86.avx512.gather3div4.di
llvm.x86.avx512.gather3div4.sf
llvm.x86.avx512.gather3div4.si
llvm.x86.avx512.gather3div8.sf
llvm.x86.avx512.gather3div8.si
llvm.x86.avx512.gather3siv2.df
llvm.x86.avx512.gather3siv2.di
llvm.x86.avx512.gather3siv4.df
llvm.x86.avx512.gather3siv4.di
llvm.x86.avx512.gather3siv4.sf
llvm.x86.avx512.gather3siv4.si
llvm.x86.avx512.gather3siv8.sf
llvm.x86.avx512.gather3siv8.si
llvm.x86.avx512.gatherpf.dpd.512
llvm.x86.avx512.gatherpf.dps.512
llvm.x86.avx512.gatherpf.qpd.512
llvm.x86.avx512.gatherpf.qps.512
llvm.x86.avx512.kadd.b
llvm.x86.avx512.kadd.d
llvm.x86.avx512.kadd.q
llvm.x86.avx512.kadd.w
llvm.x86.avx512.ktestc.b
llvm.x86.avx512.ktestc.d
llvm.x86.avx512.ktestc.q
llvm.x86.avx512.ktestc.w
llvm.x86.avx512.ktestz.b
llvm.x86.avx512.ktestz.d
llvm.x86.avx512.ktestz.q
llvm.x86.avx512.ktestz.w
llvm.x86.avx512.mask.add.sd.round
llvm.x86.avx512.mask.add.ss.round
llvm.x86.avx512.mask.cmp.sd
llvm.x86.avx512.mask.cmp.ss
llvm.x86.avx512.mask.compress
llvm.x86.avx512.mask.cvtpd2dq.128
llvm.x86.avx512.mask.cvtpd2dq.512
llvm.x86.avx512.mask.cvtpd2ps
llvm.x86.avx512.mask.cvtpd2ps.512
llvm.x86.avx512.mask.cvtpd2qq.128
llvm.x86.avx512.mask.cvtpd2qq.256
llvm.x86.avx512.mask.cvtpd2qq.512
llvm.x86.avx512.mask.cvtpd2udq.128
llvm.x86.avx512.mask.cvtpd2udq.256
llvm.x86.avx512.mask.cvtpd2udq.512
llvm.x86.avx512.mask.cvtpd2uqq.128
llvm.x86.avx512.mask.cvtpd2uqq.256
llvm.x86.avx512.mask.cvtpd2uqq.512
llvm.x86.avx512.mask.cvtps2dq.128
llvm.x86.avx512.mask.cvtps2dq.256
llvm.x86.avx512.mask.cvtps2dq.512
llvm.x86.avx512.mask.cvtps2pd.512
llvm.x86.avx512.mask.cvtps2qq.128
llvm.x86.avx512.mask.cvtps2qq.256
llvm.x86.avx512.mask.cvtps2qq.512
llvm.x86.avx512.mask.cvtps2udq.128
llvm.x86.avx512.mask.cvtps2udq.256
llvm.x86.avx512.mask.cvtps2udq.512
llvm.x86.avx512.mask.cvtps2uqq.128
llvm.x86.avx512.mask.cvtps2uqq.256
llvm.x86.avx512.mask.cvtps2uqq.512
llvm.x86.avx512.mask.cvtqq2ps.128
llvm.x86.avx512.mask.cvtsd2ss.round
llvm.x86.avx512.mask.cvtss2sd.round
llvm.x86.avx512.mask.cvttpd2dq.128
llvm.x86.avx512.mask.cvttpd2dq.512
llvm.x86.avx512.mask.cvttpd2qq.128
llvm.x86.avx512.mask.cvttpd2qq.256
llvm.x86.avx512.mask.cvttpd2qq.512
llvm.x86.avx512.mask.cvttpd2udq.128
llvm.x86.avx512.mask.cvttpd2udq.256
llvm.x86.avx512.mask.cvttpd2udq.512
llvm.x86.avx512.mask.cvttpd2uqq.128
llvm.x86.avx512.mask.cvttpd2uqq.256
llvm.x86.avx512.mask.cvttpd2uqq.512
llvm.x86.avx512.mask.cvttps2dq.512
llvm.x86.avx512.mask.cvttps2qq.128
llvm.x86.avx512.mask.cvttps2qq.256
llvm.x86.avx512.mask.cvttps2qq.512
llvm.x86.avx512.mask.cvttps2udq.128
llvm.x86.avx512.mask.cvttps2udq.256
llvm.x86.avx512.mask.cvttps2udq.512
llvm.x86.avx512.mask.cvttps2uqq.128
llvm.x86.avx512.mask.cvttps2uqq.256
llvm.x86.avx512.mask.cvttps2uqq.512
llvm.x86.avx512.mask.cvtuqq2ps.128
llvm.x86.avx512.mask.div.sd.round
llvm.x86.avx512.mask.div.ss.round
llvm.x86.avx512.mask.expand
llvm.x86.avx512.mask.fixupimm.pd.128
llvm.x86.avx512.mask.fixupimm.pd.256
llvm.x86.avx512.mask.fixupimm.pd.512
llvm.x86.avx512.mask.fixupimm.ps.128
llvm.x86.avx512.mask.fixupimm.ps.256
llvm.x86.avx512.mask.fixupimm.ps.512
llvm.x86.avx512.mask.fixupimm.sd
llvm.x86.avx512.mask.fixupimm.ss
llvm.x86.avx512.mask.fpclass.sd
llvm.x86.avx512.mask.fpclass.ss
llvm.x86.avx512.mask.gather.dpd.512
llvm.x86.avx512.mask.gather.dpi.512
llvm.x86.avx512.mask.gather.dpq.512
llvm.x86.avx512.mask.gather.dps.512
llvm.x86.avx512.mask.gather.qpd.512
llvm.x86.avx512.mask.gather.qpi.512
llvm.x86.avx512.mask.gather.qpq.512
llvm.x86.avx512.mask.gather.qps.512
llvm.x86.avx512.mask.gather3div2.df
llvm.x86.avx512.mask.gather3div2.di
llvm.x86.avx512.mask.gather3div4.df
llvm.x86.avx512.mask.gather3div4.di
llvm.x86.avx512.mask.gather3div4.sf
llvm.x86.avx512.mask.gather3div4.si
llvm.x86.avx512.mask.gather3div8.sf
llvm.x86.avx512.mask.gather3div8.si
llvm.x86.avx512.mask.gather3siv2.df
llvm.x86.avx512.mask.gather3siv2.di
llvm.x86.avx512.mask.gather3siv4.df
llvm.x86.avx512.mask.gather3siv4.di
llvm.x86.avx512.mask.gather3siv4.sf
llvm.x86.avx512.mask.gather3siv4.si
llvm.x86.avx512.mask.gather3siv8.sf
llvm.x86.avx512.mask.gather3siv8.si
llvm.x86.avx512.mask.getexp.pd.128
llvm.x86.avx512.mask.getexp.pd.256
llvm.x86.avx512.mask.getexp.pd.512
llvm.x86.avx512.mask.getexp.ps.128
llvm.x86.avx512.mask.getexp.ps.256
llvm.x86.avx512.mask.getexp.ps.512
llvm.x86.avx512.mask.getexp.sd
llvm.x86.avx512.mask.getexp.ss
llvm.x86.avx512.mask.getmant.pd.128
llvm.x86.avx512.mask.getmant.pd.256
llvm.x86.avx512.mask.getmant.pd.512
llvm.x86.avx512.mask.getmant.ps.128
llvm.x86.avx512.mask.getmant.ps.256
llvm.x86.avx512.mask.getmant.ps.512
llvm.x86.avx512.mask.getmant.sd
llvm.x86.avx512.mask.getmant.ss
llvm.x86.avx512.mask.max.sd.round
llvm.x86.avx512.mask.max.ss.round
llvm.x86.avx512.mask.min.sd.round
llvm.x86.avx512.mask.min.ss.round
llvm.x86.avx512.mask.mul.sd.round
llvm.x86.avx512.mask.mul.ss.round
llvm.x86.avx512.mask.pmov.db.128
llvm.x86.avx512.mask.pmov.db.256
llvm.x86.avx512.mask.pmov.db.512
llvm.x86.avx512.mask.pmov.db.mem.128
llvm.x86.avx512.mask.pmov.db.mem.256
llvm.x86.avx512.mask.pmov.db.mem.512
llvm.x86.avx512.mask.pmov.dw.128
llvm.x86.avx512.mask.pmov.dw.256
llvm.x86.avx512.mask.pmov.dw.512
llvm.x86.avx512.mask.pmov.dw.mem.128
llvm.x86.avx512.mask.pmov.dw.mem.256
llvm.x86.avx512.mask.pmov.dw.mem.512
llvm.x86.avx512.mask.pmov.qb.128
llvm.x86.avx512.mask.pmov.qb.256
llvm.x86.avx512.mask.pmov.qb.512
llvm.x86.avx512.mask.pmov.qb.mem.128
llvm.x86.avx512.mask.pmov.qb.mem.256
llvm.x86.avx512.mask.pmov.qb.mem.512
llvm.x86.avx512.mask.pmov.qd.128
llvm.x86.avx512.mask.pmov.qd.mem.128
llvm.x86.avx512.mask.pmov.qd.mem.256
llvm.x86.avx512.mask.pmov.qd.mem.512
llvm.x86.avx512.mask.pmov.qw.128
llvm.x86.avx512.mask.pmov.qw.256
llvm.x86.avx512.mask.pmov.qw.512
llvm.x86.avx512.mask.pmov.qw.mem.128
llvm.x86.avx512.mask.pmov.qw.mem.256
llvm.x86.avx512.mask.pmov.qw.mem.512
llvm.x86.avx512.mask.pmov.wb.128
llvm.x86.avx512.mask.pmov.wb.mem.128
llvm.x86.avx512.mask.pmov.wb.mem.256
llvm.x86.avx512.mask.pmov.wb.mem.512
llvm.x86.avx512.mask.pmovs.db.128
llvm.x86.avx512.mask.pmovs.db.256
llvm.x86.avx512.mask.pmovs.db.512
llvm.x86.avx512.mask.pmovs.db.mem.128
llvm.x86.avx512.mask.pmovs.db.mem.256
llvm.x86.avx512.mask.pmovs.db.mem.512
llvm.x86.avx512.mask.pmovs.dw.128
llvm.x86.avx512.mask.pmovs.dw.256
llvm.x86.avx512.mask.pmovs.dw.512
llvm.x86.avx512.mask.pmovs.dw.mem.128
llvm.x86.avx512.mask.pmovs.dw.mem.256
llvm.x86.avx512.mask.pmovs.dw.mem.512
llvm.x86.avx512.mask.pmovs.qb.128
llvm.x86.avx512.mask.pmovs.qb.256
llvm.x86.avx512.mask.pmovs.qb.512
llvm.x86.avx512.mask.pmovs.qb.mem.128
llvm.x86.avx512.mask.pmovs.qb.mem.256
llvm.x86.avx512.mask.pmovs.qb.mem.512
llvm.x86.avx512.mask.pmovs.qd.128
llvm.x86.avx512.mask.pmovs.qd.256
llvm.x86.avx512.mask.pmovs.qd.512
llvm.x86.avx512.mask.pmovs.qd.mem.128
llvm.x86.avx512.mask.pmovs.qd.mem.256
llvm.x86.avx512.mask.pmovs.qd.mem.512
llvm.x86.avx512.mask.pmovs.qw.128
llvm.x86.avx512.mask.pmovs.qw.256
llvm.x86.avx512.mask.pmovs.qw.512
llvm.x86.avx512.mask.pmovs.qw.mem.128
llvm.x86.avx512.mask.pmovs.qw.mem.256
llvm.x86.avx512.mask.pmovs.qw.mem.512
llvm.x86.avx512.mask.pmovs.wb.128
llvm.x86.avx512.mask.pmovs.wb.256
llvm.x86.avx512.mask.pmovs.wb.512
llvm.x86.avx512.mask.pmovs.wb.mem.128
llvm.x86.avx512.mask.pmovs.wb.mem.256
llvm.x86.avx512.mask.pmovs.wb.mem.512
llvm.x86.avx512.mask.pmovus.db.128
llvm.x86.avx512.mask.pmovus.db.256
llvm.x86.avx512.mask.pmovus.db.512
llvm.x86.avx512.mask.pmovus.db.mem.128
llvm.x86.avx512.mask.pmovus.db.mem.256
llvm.x86.avx512.mask.pmovus.db.mem.512
llvm.x86.avx512.mask.pmovus.dw.128
llvm.x86.avx512.mask.pmovus.dw.256
llvm.x86.avx512.mask.pmovus.dw.512
llvm.x86.avx512.mask.pmovus.dw.mem.128
llvm.x86.avx512.mask.pmovus.dw.mem.256
llvm.x86.avx512.mask.pmovus.dw.mem.512
llvm.x86.avx512.mask.pmovus.qb.128
llvm.x86.avx512.mask.pmovus.qb.256
llvm.x86.avx512.mask.pmovus.qb.512
llvm.x86.avx512.mask.pmovus.qb.mem.128
llvm.x86.avx512.mask.pmovus.qb.mem.256
llvm.x86.avx512.mask.pmovus.qb.mem.512
llvm.x86.avx512.mask.pmovus.qd.128
llvm.x86.avx512.mask.pmovus.qd.256
llvm.x86.avx512.mask.pmovus.qd.512
llvm.x86.avx512.mask.pmovus.qd.mem.128
llvm.x86.avx512.mask.pmovus.qd.mem.256
llvm.x86.avx512.mask.pmovus.qd.mem.512
llvm.x86.avx512.mask.pmovus.qw.128
llvm.x86.avx512.mask.pmovus.qw.256
llvm.x86.avx512.mask.pmovus.qw.512
llvm.x86.avx512.mask.pmovus.qw.mem.128
llvm.x86.avx512.mask.pmovus.qw.mem.256
llvm.x86.avx512.mask.pmovus.qw.mem.512
llvm.x86.avx512.mask.pmovus.wb.128
llvm.x86.avx512.mask.pmovus.wb.256
llvm.x86.avx512.mask.pmovus.wb.512
llvm.x86.avx512.mask.pmovus.wb.mem.128
llvm.x86.avx512.mask.pmovus.wb.mem.256
llvm.x86.avx512.mask.pmovus.wb.mem.512
llvm.x86.avx512.mask.range.pd.128
llvm.x86.avx512.mask.range.pd.256
llvm.x86.avx512.mask.range.pd.512
llvm.x86.avx512.mask.range.ps.128
llvm.x86.avx512.mask.range.ps.256
llvm.x86.avx512.mask.range.ps.512
llvm.x86.avx512.mask.range.sd
llvm.x86.avx512.mask.range.ss
llvm.x86.avx512.mask.reduce.pd.128
llvm.x86.avx512.mask.reduce.pd.256
llvm.x86.avx512.mask.reduce.pd.512
llvm.x86.avx512.mask.reduce.ps.128
llvm.x86.avx512.mask.reduce.ps.256
llvm.x86.avx512.mask.reduce.ps.512
llvm.x86.avx512.mask.reduce.sd
llvm.x86.avx512.mask.reduce.ss
llvm.x86.avx512.mask.rndscale.pd.128
llvm.x86.avx512.mask.rndscale.pd.256
llvm.x86.avx512.mask.rndscale.pd.512
llvm.x86.avx512.mask.rndscale.ps.128
llvm.x86.avx512.mask.rndscale.ps.256
llvm.x86.avx512.mask.rndscale.ps.512
llvm.x86.avx512.mask.rndscale.sd
llvm.x86.avx512.mask.rndscale.ss
llvm.x86.avx512.mask.scalef.pd.128
llvm.x86.avx512.mask.scalef.pd.256
llvm.x86.avx512.mask.scalef.pd.512
llvm.x86.avx512.mask.scalef.ps.128
llvm.x86.avx512.mask.scalef.ps.256
llvm.x86.avx512.mask.scalef.ps.512
llvm.x86.avx512.mask.scalef.sd
llvm.x86.avx512.mask.scalef.ss
llvm.x86.avx512.mask.scatter.dpd.512
llvm.x86.avx512.mask.scatter.dpi.512
llvm.x86.avx512.mask.scatter.dpq.512
llvm.x86.avx512.mask.scatter.dps.512
llvm.x86.avx512.mask.scatter.qpd.512
llvm.x86.avx512.mask.scatter.qpi.512
llvm.x86.avx512.mask.scatter.qpq.512
llvm.x86.avx512.mask.scatter.qps.512
llvm.x86.avx512.mask.scatterdiv2.df
llvm.x86.avx512.mask.scatterdiv2.di
llvm.x86.avx512.mask.scatterdiv4.df
llvm.x86.avx512.mask.scatterdiv4.di
llvm.x86.avx512.mask.scatterdiv4.sf
llvm.x86.avx512.mask.scatterdiv4.si
llvm.x86.avx512.mask.scatterdiv8.sf
llvm.x86.avx512.mask.scatterdiv8.si
llvm.x86.avx512.mask.scattersiv2.df
llvm.x86.avx512.mask.scattersiv2.di
llvm.x86.avx512.mask.scattersiv4.df
llvm.x86.avx512.mask.scattersiv4.di
llvm.x86.avx512.mask.scattersiv4.sf
llvm.x86.avx512.mask.scattersiv4.si
llvm.x86.avx512.mask.scattersiv8.sf
llvm.x86.avx512.mask.scattersiv8.si
llvm.x86.avx512.mask.sqrt.sd
llvm.x86.avx512.mask.sqrt.ss
llvm.x86.avx512.mask.sub.sd.round
llvm.x86.avx512.mask.sub.ss.round
llvm.x86.avx512.mask.vcvtph2ps.128
llvm.x86.avx512.mask.vcvtph2ps.256
llvm.x86.avx512.mask.vcvtph2ps.512
llvm.x86.avx512.mask.vcvtps2ph.128
llvm.x86.avx512.mask.vcvtps2ph.256
llvm.x86.avx512.mask.vcvtps2ph.512
llvm.x86.avx512.maskz.fixupimm.pd.128
llvm.x86.avx512.maskz.fixupimm.pd.256
llvm.x86.avx512.maskz.fixupimm.pd.512
llvm.x86.avx512.maskz.fixupimm.ps.128
llvm.x86.avx512.maskz.fixupimm.ps.256
llvm.x86.avx512.maskz.fixupimm.ps.512
llvm.x86.avx512.maskz.fixupimm.sd
llvm.x86.avx512.maskz.fixupimm.ss
llvm.x86.avx512.max.pd.512
llvm.x86.avx512.max.ps.512
llvm.x86.avx512.min.pd.512
llvm.x86.avx512.min.ps.512
llvm.x86.avx512.mul.pd.512
llvm.x86.avx512.mul.ps.512
llvm.x86.avx512.packssdw.512
llvm.x86.avx512.packsswb.512
llvm.x86.avx512.packusdw.512
llvm.x86.avx512.packuswb.512
llvm.x86.avx512.permvar.df.256
llvm.x86.avx512.permvar.df.512
llvm.x86.avx512.permvar.di.256
llvm.x86.avx512.permvar.di.512
llvm.x86.avx512.permvar.hi.128
llvm.x86.avx512.permvar.hi.256
llvm.x86.avx512.permvar.hi.512
llvm.x86.avx512.permvar.qi.128
llvm.x86.avx512.permvar.qi.256
llvm.x86.avx512.permvar.qi.512
llvm.x86.avx512.permvar.sf.512
llvm.x86.avx512.permvar.si.512
llvm.x86.avx512.pmaddubs.w.512
llvm.x86.avx512.pmaddw.d.512
llvm.x86.avx512.pmul.hr.sw.512
llvm.x86.avx512.pmulh.w.512
llvm.x86.avx512.pmulhu.w.512
llvm.x86.avx512.pmultishift.qb.128
llvm.x86.avx512.pmultishift.qb.256
llvm.x86.avx512.pmultishift.qb.512
llvm.x86.avx512.psad.bw.512
llvm.x86.avx512.pshuf.b.512
llvm.x86.avx512.psll.d.512
llvm.x86.avx512.psll.q.512
llvm.x86.avx512.psll.w.512
llvm.x86.avx512.pslli.d.512
llvm.x86.avx512.pslli.q.512
llvm.x86.avx512.pslli.w.512
llvm.x86.avx512.psllv.d.512
llvm.x86.avx512.psllv.q.512
llvm.x86.avx512.psllv.w.128
llvm.x86.avx512.psllv.w.256
llvm.x86.avx512.psllv.w.512
llvm.x86.avx512.psra.d.512
llvm.x86.avx512.psra.q.128
llvm.x86.avx512.psra.q.256
llvm.x86.avx512.psra.q.512
llvm.x86.avx512.psra.w.512
llvm.x86.avx512.psrai.d.512
llvm.x86.avx512.psrai.q.128
llvm.x86.avx512.psrai.q.256
llvm.x86.avx512.psrai.q.512
llvm.x86.avx512.psrai.w.512
llvm.x86.avx512.psrav.d.512
llvm.x86.avx512.psrav.q.128
llvm.x86.avx512.psrav.q.256
llvm.x86.avx512.psrav.q.512
llvm.x86.avx512.psrav.w.128
llvm.x86.avx512.psrav.w.256
llvm.x86.avx512.psrav.w.512
llvm.x86.avx512.psrl.d.512
llvm.x86.avx512.psrl.q.512
llvm.x86.avx512.psrl.w.512
llvm.x86.avx512.psrli.d.512
llvm.x86.avx512.psrli.q.512
llvm.x86.avx512.psrli.w.512
llvm.x86.avx512.psrlv.d.512
llvm.x86.avx512.psrlv.q.512
llvm.x86.avx512.psrlv.w.128
llvm.x86.avx512.psrlv.w.256
llvm.x86.avx512.psrlv.w.512
llvm.x86.avx512.pternlog.d.128
llvm.x86.avx512.pternlog.d.256
llvm.x86.avx512.pternlog.d.512
llvm.x86.avx512.pternlog.q.128
llvm.x86.avx512.pternlog.q.256
llvm.x86.avx512.pternlog.q.512
llvm.x86.avx512.rcp14.pd.128
llvm.x86.avx512.rcp14.pd.256
llvm.x86.avx512.rcp14.pd.512
llvm.x86.avx512.rcp14.ps.128
llvm.x86.avx512.rcp14.ps.256
llvm.x86.avx512.rcp14.ps.512
llvm.x86.avx512.rcp14.sd
llvm.x86.avx512.rcp14.ss
llvm.x86.avx512.rcp28.pd
llvm.x86.avx512.rcp28.ps
llvm.x86.avx512.rcp28.sd
llvm.x86.avx512.rcp28.ss
llvm.x86.avx512.rsqrt14.pd.128
llvm.x86.avx512.rsqrt14.pd.256
llvm.x86.avx512.rsqrt14.pd.512
llvm.x86.avx512.rsqrt14.ps.128
llvm.x86.avx512.rsqrt14.ps.256
llvm.x86.avx512.rsqrt14.ps.512
llvm.x86.avx512.rsqrt14.sd
llvm.x86.avx512.rsqrt14.ss
llvm.x86.avx512.rsqrt28.pd
llvm.x86.avx512.rsqrt28.ps
llvm.x86.avx512.rsqrt28.sd
llvm.x86.avx512.rsqrt28.ss
llvm.x86.avx512.scatter.dpd.512
llvm.x86.avx512.scatter.dpi.512
llvm.x86.avx512.scatter.dpq.512
llvm.x86.avx512.scatter.dps.512
llvm.x86.avx512.scatter.qpd.512
llvm.x86.avx512.scatter.qpi.512
llvm.x86.avx512.scatter.qpq.512
llvm.x86.avx512.scatter.qps.512
llvm.x86.avx512.scatterdiv2.df
llvm.x86.avx512.scatterdiv2.di
llvm.x86.avx512.scatterdiv4.df
llvm.x86.avx512.scatterdiv4.di
llvm.x86.avx512.scatterdiv4.sf
llvm.x86.avx512.scatterdiv4.si
llvm.x86.avx512.scatterdiv8.sf
llvm.x86.avx512.scatterdiv8.si
llvm.x86.avx512.scatterpf.dpd.512
llvm.x86.avx512.scatterpf.dps.512
llvm.x86.avx512.scatterpf.qpd.512
llvm.x86.avx512.scatterpf.qps.512
llvm.x86.avx512.scattersiv2.df
llvm.x86.avx512.scattersiv2.di
llvm.x86.avx512.scattersiv4.df
llvm.x86.avx512.scattersiv4.di
llvm.x86.avx512.scattersiv4.sf
llvm.x86.avx512.scattersiv4.si
llvm.x86.avx512.scattersiv8.sf
llvm.x86.avx512.scattersiv8.si
llvm.x86.avx512.sitofp.round
llvm.x86.avx512.sqrt.pd.512
llvm.x86.avx512.sqrt.ps.512
llvm.x86.avx512.sub.pd.512
llvm.x86.avx512.sub.ps.512
llvm.x86.avx512.uitofp.round
llvm.x86.avx512.vcomi.sd
llvm.x86.avx512.vcomi.ss
llvm.x86.avx512.vcvtsd2si32
llvm.x86.avx512.vcvtsd2si64
llvm.x86.avx512.vcvtsd2usi32
llvm.x86.avx512.vcvtsd2usi64
llvm.x86.avx512.vcvtss2si32
llvm.x86.avx512.vcvtss2si64
llvm.x86.avx512.vcvtss2usi32
llvm.x86.avx512.vcvtss2usi64
llvm.x86.avx512.vfmadd.f32
llvm.x86.avx512.vfmadd.f64
llvm.x86.avx512.vfmadd.pd.512
llvm.x86.avx512.vfmadd.ps.512
llvm.x86.avx512.vfmaddsub.pd.512
llvm.x86.avx512.vfmaddsub.ps.512
llvm.x86.avx512.vpdpbusd.128
llvm.x86.avx512.vpdpbusd.256
llvm.x86.avx512.vpdpbusd.512
llvm.x86.avx512.vpdpbusds.128
llvm.x86.avx512.vpdpbusds.256
llvm.x86.avx512.vpdpbusds.512
llvm.x86.avx512.vpdpwssd.128
llvm.x86.avx512.vpdpwssd.256
llvm.x86.avx512.vpdpwssd.512
llvm.x86.avx512.vpdpwssds.128
llvm.x86.avx512.vpdpwssds.256
llvm.x86.avx512.vpdpwssds.512
llvm.x86.avx512.vpermi2var.d.128
llvm.x86.avx512.vpermi2var.d.256
llvm.x86.avx512.vpermi2var.d.512
llvm.x86.avx512.vpermi2var.hi.128
llvm.x86.avx512.vpermi2var.hi.256
llvm.x86.avx512.vpermi2var.hi.512
llvm.x86.avx512.vpermi2var.pd.128
llvm.x86.avx512.vpermi2var.pd.256
llvm.x86.avx512.vpermi2var.pd.512
llvm.x86.avx512.vpermi2var.ps.128
llvm.x86.avx512.vpermi2var.ps.256
llvm.x86.avx512.vpermi2var.ps.512
llvm.x86.avx512.vpermi2var.q.128
llvm.x86.avx512.vpermi2var.q.256
llvm.x86.avx512.vpermi2var.q.512
llvm.x86.avx512.vpermi2var.qi.128
llvm.x86.avx512.vpermi2var.qi.256
llvm.x86.avx512.vpermi2var.qi.512
llvm.x86.avx512.vpermilvar.pd.512
llvm.x86.avx512.vpermilvar.ps.512
llvm.x86.avx512.vpmadd52h.uq.128
llvm.x86.avx512.vpmadd52h.uq.256
llvm.x86.avx512.vpmadd52h.uq.512
llvm.x86.avx512.vpmadd52l.uq.128
llvm.x86.avx512.vpmadd52l.uq.256
llvm.x86.avx512.vpmadd52l.uq.512
llvm.x86.avx512.vpshufbitqmb.128
llvm.x86.avx512.vpshufbitqmb.256
llvm.x86.avx512.vpshufbitqmb.512
llvm.x86.bmi.bextr.32
llvm.x86.bmi.bextr.64
llvm.x86.bmi.bzhi.32
llvm.x86.bmi.bzhi.64
llvm.x86.bmi.pdep.32
llvm.x86.bmi.pdep.64
llvm.x86.bmi.pext.32
llvm.x86.bmi.pext.64
llvm.x86.cldemote
llvm.x86.clflushopt
llvm.x86.clrssbsy
llvm.x86.clwb
llvm.x86.clzero
llvm.x86.directstore32
llvm.x86.directstore64
llvm.x86.flags.read.u32
llvm.x86.flags.read.u64
llvm.x86.flags.write.u32
llvm.x86.flags.write.u64
llvm.x86.fxrstor
llvm.x86.fxrstor64
llvm.x86.fxsave
llvm.x86.fxsave64
llvm.x86.incsspd
llvm.x86.incsspq
llvm.x86.int
llvm.x86.invpcid
llvm.x86.llwpcb
llvm.x86.lwpins32
llvm.x86.lwpins64
llvm.x86.lwpval32
llvm.x86.lwpval64
llvm.x86.mmx.emms
llvm.x86.mmx.femms
llvm.x86.mmx.maskmovq
llvm.x86.mmx.movnt.dq
llvm.x86.mmx.packssdw
llvm.x86.mmx.packsswb
llvm.x86.mmx.packuswb
llvm.x86.mmx.padd.b
llvm.x86.mmx.padd.d
llvm.x86.mmx.padd.q
llvm.x86.mmx.padd.w
llvm.x86.mmx.padds.b
llvm.x86.mmx.padds.w
llvm.x86.mmx.paddus.b
llvm.x86.mmx.paddus.w
llvm.x86.mmx.palignr.b
llvm.x86.mmx.pand
llvm.x86.mmx.pandn
llvm.x86.mmx.pavg.b
llvm.x86.mmx.pavg.w
llvm.x86.mmx.pcmpeq.b
llvm.x86.mmx.pcmpeq.d
llvm.x86.mmx.pcmpeq.w
llvm.x86.mmx.pcmpgt.b
llvm.x86.mmx.pcmpgt.d
llvm.x86.mmx.pcmpgt.w
llvm.x86.mmx.pextr.w
llvm.x86.mmx.pinsr.w
llvm.x86.mmx.pmadd.wd
llvm.x86.mmx.pmaxs.w
llvm.x86.mmx.pmaxu.b
llvm.x86.mmx.pmins.w
llvm.x86.mmx.pminu.b
llvm.x86.mmx.pmovmskb
llvm.x86.mmx.pmulh.w
llvm.x86.mmx.pmulhu.w
llvm.x86.mmx.pmull.w
llvm.x86.mmx.pmulu.dq
llvm.x86.mmx.por
llvm.x86.mmx.psad.bw
llvm.x86.mmx.psll.d
llvm.x86.mmx.psll.q
llvm.x86.mmx.psll.w
llvm.x86.mmx.pslli.d
llvm.x86.mmx.pslli.q
llvm.x86.mmx.pslli.w
llvm.x86.mmx.psra.d
llvm.x86.mmx.psra.w
llvm.x86.mmx.psrai.d
llvm.x86.mmx.psrai.w
llvm.x86.mmx.psrl.d
llvm.x86.mmx.psrl.q
llvm.x86.mmx.psrl.w
llvm.x86.mmx.psrli.d
llvm.x86.mmx.psrli.q
llvm.x86.mmx.psrli.w
llvm.x86.mmx.psub.b
llvm.x86.mmx.psub.d
llvm.x86.mmx.psub.q
llvm.x86.mmx.psub.w
llvm.x86.mmx.psubs.b
llvm.x86.mmx.psubs.w
llvm.x86.mmx.psubus.b
llvm.x86.mmx.psubus.w
llvm.x86.mmx.punpckhbw
llvm.x86.mmx.punpckhdq
llvm.x86.mmx.punpckhwd
llvm.x86.mmx.punpcklbw
llvm.x86.mmx.punpckldq
llvm.x86.mmx.punpcklwd
llvm.x86.mmx.pxor
llvm.x86.monitorx
llvm.x86.movdir64b
llvm.x86.mwaitx
llvm.x86.pclmulqdq
llvm.x86.pclmulqdq.256
llvm.x86.pclmulqdq.512
llvm.x86.ptwrite32
llvm.x86.ptwrite64
llvm.x86.rdfsbase.32
llvm.x86.rdfsbase.64
llvm.x86.rdgsbase.32
llvm.x86.rdgsbase.64
llvm.x86.rdpid
llvm.x86.rdpkru
llvm.x86.rdpmc
llvm.x86.rdrand.16
llvm.x86.rdrand.32
llvm.x86.rdrand.64
llvm.x86.rdseed.16
llvm.x86.rdseed.32
llvm.x86.rdseed.64
llvm.x86.rdsspd
llvm.x86.rdsspq
llvm.x86.rdtsc
llvm.x86.rdtscp
llvm.x86.rstorssp
llvm.x86.saveprevssp
llvm.x86.seh.ehguard
llvm.x86.seh.ehregnode
llvm.x86.seh.lsda
llvm.x86.setssbsy
llvm.x86.sha1msg1
llvm.x86.sha1msg2
llvm.x86.sha1nexte
llvm.x86.sha1rnds4
llvm.x86.sha256msg1
llvm.x86.sha256msg2
llvm.x86.sha256rnds2
llvm.x86.slwpcb
llvm.x86.sse.cmp.ps
llvm.x86.sse.cmp.ss
llvm.x86.sse.comieq.ss
llvm.x86.sse.comige.ss
llvm.x86.sse.comigt.ss
llvm.x86.sse.comile.ss
llvm.x86.sse.comilt.ss
llvm.x86.sse.comineq.ss
llvm.x86.sse.cvtpd2pi
llvm.x86.sse.cvtpi2pd
llvm.x86.sse.cvtpi2ps
llvm.x86.sse.cvtps2pi
llvm.x86.sse.cvtss2si
llvm.x86.sse.cvtss2si64
llvm.x86.sse.cvttpd2pi
llvm.x86.sse.cvttps2pi
llvm.x86.sse.cvttss2si
llvm.x86.sse.cvttss2si64
llvm.x86.sse.ldmxcsr
llvm.x86.sse.max.ps
llvm.x86.sse.max.ss
llvm.x86.sse.min.ps
llvm.x86.sse.min.ss
llvm.x86.sse.movmsk.ps
llvm.x86.sse.pshuf.w
llvm.x86.sse.rcp.ps
llvm.x86.sse.rcp.ss
llvm.x86.sse.rsqrt.ps
llvm.x86.sse.rsqrt.ss
llvm.x86.sse.sfence
llvm.x86.sse.stmxcsr
llvm.x86.sse.ucomieq.ss
llvm.x86.sse.ucomige.ss
llvm.x86.sse.ucomigt.ss
llvm.x86.sse.ucomile.ss
llvm.x86.sse.ucomilt.ss
llvm.x86.sse.ucomineq.ss
llvm.x86.sse2.clflush
llvm.x86.sse2.cmp.pd
llvm.x86.sse2.cmp.sd
llvm.x86.sse2.comieq.sd
llvm.x86.sse2.comige.sd
llvm.x86.sse2.comigt.sd
llvm.x86.sse2.comile.sd
llvm.x86.sse2.comilt.sd
llvm.x86.sse2.comineq.sd
llvm.x86.sse2.cvtpd2dq
llvm.x86.sse2.cvtpd2ps
llvm.x86.sse2.cvtps2dq
llvm.x86.sse2.cvtsd2si
llvm.x86.sse2.cvtsd2si64
llvm.x86.sse2.cvtsd2ss
llvm.x86.sse2.cvttpd2dq
llvm.x86.sse2.cvttps2dq
llvm.x86.sse2.cvttsd2si
llvm.x86.sse2.cvttsd2si64
llvm.x86.sse2.lfence
llvm.x86.sse2.maskmov.dqu
llvm.x86.sse2.max.pd
llvm.x86.sse2.max.sd
llvm.x86.sse2.mfence
llvm.x86.sse2.min.pd
llvm.x86.sse2.min.sd
llvm.x86.sse2.movmsk.pd
llvm.x86.sse2.packssdw.128
llvm.x86.sse2.packsswb.128
llvm.x86.sse2.packuswb.128
llvm.x86.sse2.pause
llvm.x86.sse2.pmadd.wd
llvm.x86.sse2.pmovmskb.128
llvm.x86.sse2.pmulh.w
llvm.x86.sse2.pmulhu.w
llvm.x86.sse2.psad.bw
llvm.x86.sse2.psll.d
llvm.x86.sse2.psll.q
llvm.x86.sse2.psll.w
llvm.x86.sse2.pslli.d
llvm.x86.sse2.pslli.q
llvm.x86.sse2.pslli.w
llvm.x86.sse2.psra.d
llvm.x86.sse2.psra.w
llvm.x86.sse2.psrai.d
llvm.x86.sse2.psrai.w
llvm.x86.sse2.psrl.d
llvm.x86.sse2.psrl.q
llvm.x86.sse2.psrl.w
llvm.x86.sse2.psrli.d
llvm.x86.sse2.psrli.q
llvm.x86.sse2.psrli.w
llvm.x86.sse2.ucomieq.sd
llvm.x86.sse2.ucomige.sd
llvm.x86.sse2.ucomigt.sd
llvm.x86.sse2.ucomile.sd
llvm.x86.sse2.ucomilt.sd
llvm.x86.sse2.ucomineq.sd
llvm.x86.sse3.addsub.pd
llvm.x86.sse3.addsub.ps
llvm.x86.sse3.hadd.pd
llvm.x86.sse3.hadd.ps
llvm.x86.sse3.hsub.pd
llvm.x86.sse3.hsub.ps
llvm.x86.sse3.ldu.dq
llvm.x86.sse3.monitor
llvm.x86.sse3.mwait
llvm.x86.sse41.blendvpd
llvm.x86.sse41.blendvps
llvm.x86.sse41.dppd
llvm.x86.sse41.dpps
llvm.x86.sse41.insertps
llvm.x86.sse41.mpsadbw
llvm.x86.sse41.packusdw
llvm.x86.sse41.pblendvb
llvm.x86.sse41.phminposuw
llvm.x86.sse41.ptestc
llvm.x86.sse41.ptestnzc
llvm.x86.sse41.ptestz
llvm.x86.sse41.round.pd
llvm.x86.sse41.round.ps
llvm.x86.sse41.round.sd
llvm.x86.sse41.round.ss
llvm.x86.sse42.crc32.32.16
llvm.x86.sse42.crc32.32.32
llvm.x86.sse42.crc32.32.8
llvm.x86.sse42.crc32.64.64
llvm.x86.sse42.pcmpestri128
llvm.x86.sse42.pcmpestria128
llvm.x86.sse42.pcmpestric128
llvm.x86.sse42.pcmpestrio128
llvm.x86.sse42.pcmpestris128
llvm.x86.sse42.pcmpestriz128
llvm.x86.sse42.pcmpestrm128
llvm.x86.sse42.pcmpistri128
llvm.x86.sse42.pcmpistria128
llvm.x86.sse42.pcmpistric128
llvm.x86.sse42.pcmpistrio128
llvm.x86.sse42.pcmpistris128
llvm.x86.sse42.pcmpistriz128
llvm.x86.sse42.pcmpistrm128
llvm.x86.sse4a.extrq
llvm.x86.sse4a.extrqi
llvm.x86.sse4a.insertq
llvm.x86.sse4a.insertqi
llvm.x86.ssse3.pabs.b
llvm.x86.ssse3.pabs.d
llvm.x86.ssse3.pabs.w
llvm.x86.ssse3.phadd.d
llvm.x86.ssse3.phadd.d.128
llvm.x86.ssse3.phadd.sw
llvm.x86.ssse3.phadd.sw.128
llvm.x86.ssse3.phadd.w
llvm.x86.ssse3.phadd.w.128
llvm.x86.ssse3.phsub.d
llvm.x86.ssse3.phsub.d.128
llvm.x86.ssse3.phsub.sw
llvm.x86.ssse3.phsub.sw.128
llvm.x86.ssse3.phsub.w
llvm.x86.ssse3.phsub.w.128
llvm.x86.ssse3.pmadd.ub.sw
llvm.x86.ssse3.pmadd.ub.sw.128
llvm.x86.ssse3.pmul.hr.sw
llvm.x86.ssse3.pmul.hr.sw.128
llvm.x86.ssse3.pshuf.b
llvm.x86.ssse3.pshuf.b.128
llvm.x86.ssse3.psign.b
llvm.x86.ssse3.psign.b.128
llvm.x86.ssse3.psign.d
llvm.x86.ssse3.psign.d.128
llvm.x86.ssse3.psign.w
llvm.x86.ssse3.psign.w.128
llvm.x86.subborrow.32
llvm.x86.subborrow.64
llvm.x86.tbm.bextri.u32
llvm.x86.tbm.bextri.u64
llvm.x86.tpause
llvm.x86.umonitor
llvm.x86.umwait
llvm.x86.vcvtph2ps.128
llvm.x86.vcvtph2ps.256
llvm.x86.vcvtps2ph.128
llvm.x86.vcvtps2ph.256
llvm.x86.vgf2p8affineinvqb.128
llvm.x86.vgf2p8affineinvqb.256
llvm.x86.vgf2p8affineinvqb.512
llvm.x86.vgf2p8affineqb.128
llvm.x86.vgf2p8affineqb.256
llvm.x86.vgf2p8affineqb.512
llvm.x86.vgf2p8mulb.128
llvm.x86.vgf2p8mulb.256
llvm.x86.vgf2p8mulb.512
llvm.x86.wbinvd
llvm.x86.wbnoinvd
llvm.x86.wrfsbase.32
llvm.x86.wrfsbase.64
llvm.x86.wrgsbase.32
llvm.x86.wrgsbase.64
llvm.x86.wrpkru
llvm.x86.wrssd
llvm.x86.wrssq
llvm.x86.wrussd
llvm.x86.wrussq
llvm.x86.xabort
llvm.x86.xbegin
llvm.x86.xend
llvm.x86.xgetbv
llvm.x86.xop.vfrcz.pd
llvm.x86.xop.vfrcz.pd.256
llvm.x86.xop.vfrcz.ps
llvm.x86.xop.vfrcz.ps.256
llvm.x86.xop.vfrcz.sd
llvm.x86.xop.vfrcz.ss
llvm.x86.xop.vpermil2pd
llvm.x86.xop.vpermil2pd.256
llvm.x86.xop.vpermil2ps
llvm.x86.xop.vpermil2ps.256
llvm.x86.xop.vphaddbd
llvm.x86.xop.vphaddbq
llvm.x86.xop.vphaddbw
llvm.x86.xop.vphadddq
llvm.x86.xop.vphaddubd
llvm.x86.xop.vphaddubq
llvm.x86.xop.vphaddubw
llvm.x86.xop.vphaddudq
llvm.x86.xop.vphadduwd
llvm.x86.xop.vphadduwq
llvm.x86.xop.vphaddwd
llvm.x86.xop.vphaddwq
llvm.x86.xop.vphsubbw
llvm.x86.xop.vphsubdq
llvm.x86.xop.vphsubwd
llvm.x86.xop.vpmacsdd
llvm.x86.xop.vpmacsdqh
llvm.x86.xop.vpmacsdql
llvm.x86.xop.vpmacssdd
llvm.x86.xop.vpmacssdqh
llvm.x86.xop.vpmacssdql
llvm.x86.xop.vpmacsswd
llvm.x86.xop.vpmacssww
llvm.x86.xop.vpmacswd
llvm.x86.xop.vpmacsww
llvm.x86.xop.vpmadcsswd
llvm.x86.xop.vpmadcswd
llvm.x86.xop.vpperm
llvm.x86.xop.vpshab
llvm.x86.xop.vpshad
llvm.x86.xop.vpshaq
llvm.x86.xop.vpshaw
llvm.x86.xop.vpshlb
llvm.x86.xop.vpshld
llvm.x86.xop.vpshlq
llvm.x86.xop.vpshlw
llvm.x86.xrstor
llvm.x86.xrstor64
llvm.x86.xrstors
llvm.x86.xrstors64
llvm.x86.xsave
llvm.x86.xsave64
llvm.x86.xsavec
llvm.x86.xsavec64
llvm.x86.xsaveopt
llvm.x86.xsaveopt64
llvm.x86.xsaves
llvm.x86.xsaves64
llvm.x86.xsetbv
llvm.x86.xtest
